mode: set
github.com/haguru/sasuke/main.go:5.14,12.2 0 0
github.com/haguru/sasuke/config/config.go:64.65,68.16 3 1
github.com/haguru/sasuke/config/config.go:68.16,70.3 1 1
github.com/haguru/sasuke/config/config.go:72.2,73.16 2 1
github.com/haguru/sasuke/config/config.go:73.16,75.3 1 0
github.com/haguru/sasuke/config/config.go:77.2,77.20 1 1
github.com/haguru/sasuke/config/config.go:80.78,82.19 2 0
github.com/haguru/sasuke/config/config.go:82.19,84.3 1 0
github.com/haguru/sasuke/config/config.go:85.2,85.30 1 0
github.com/haguru/sasuke/config/config.go:85.30,87.3 1 0
github.com/haguru/sasuke/config/config.go:88.2,88.13 1 0
github.com/haguru/sasuke/internal/interfaces/mocks/DBClient.go:19.18,23.19 3 0
github.com/haguru/sasuke/internal/interfaces/mocks/DBClient.go:23.19,23.49 1 0
github.com/haguru/sasuke/internal/interfaces/mocks/DBClient.go:25.2,25.13 1 0
github.com/haguru/sasuke/internal/interfaces/mocks/DBClient.go:37.57,39.2 1 0
github.com/haguru/sasuke/internal/interfaces/mocks/DBClient.go:42.75,45.19 2 0
github.com/haguru/sasuke/internal/interfaces/mocks/DBClient.go:45.19,46.49 1 0
github.com/haguru/sasuke/internal/interfaces/mocks/DBClient.go:49.2,50.76 2 0
github.com/haguru/sasuke/internal/interfaces/mocks/DBClient.go:50.76,52.3 1 0
github.com/haguru/sasuke/internal/interfaces/mocks/DBClient.go:52.8,54.3 1 0
github.com/haguru/sasuke/internal/interfaces/mocks/DBClient.go:55.2,55.11 1 0
github.com/haguru/sasuke/internal/interfaces/mocks/DBClient.go:66.103,68.2 1 0
github.com/haguru/sasuke/internal/interfaces/mocks/DBClient.go:70.112,71.40 1 0
github.com/haguru/sasuke/internal/interfaces/mocks/DBClient.go:71.40,73.21 2 0
github.com/haguru/sasuke/internal/interfaces/mocks/DBClient.go:73.21,75.4 1 0
github.com/haguru/sasuke/internal/interfaces/mocks/DBClient.go:76.3,77.21 2 0
github.com/haguru/sasuke/internal/interfaces/mocks/DBClient.go:77.21,79.4 1 0
github.com/haguru/sasuke/internal/interfaces/mocks/DBClient.go:80.3,83.4 1 0
github.com/haguru/sasuke/internal/interfaces/mocks/DBClient.go:85.2,85.11 1 0
github.com/haguru/sasuke/internal/interfaces/mocks/DBClient.go:88.83,91.2 2 0
github.com/haguru/sasuke/internal/interfaces/mocks/DBClient.go:93.127,96.2 2 0
github.com/haguru/sasuke/internal/interfaces/mocks/DBClient.go:99.126,102.19 2 0
github.com/haguru/sasuke/internal/interfaces/mocks/DBClient.go:102.19,103.52 1 0
github.com/haguru/sasuke/internal/interfaces/mocks/DBClient.go:106.2,108.106 3 0
github.com/haguru/sasuke/internal/interfaces/mocks/DBClient.go:108.106,110.3 1 0
github.com/haguru/sasuke/internal/interfaces/mocks/DBClient.go:111.2,111.97 1 0
github.com/haguru/sasuke/internal/interfaces/mocks/DBClient.go:111.97,113.3 1 0
github.com/haguru/sasuke/internal/interfaces/mocks/DBClient.go:113.8,115.3 1 0
github.com/haguru/sasuke/internal/interfaces/mocks/DBClient.go:116.2,116.97 1 0
github.com/haguru/sasuke/internal/interfaces/mocks/DBClient.go:116.97,118.3 1 0
github.com/haguru/sasuke/internal/interfaces/mocks/DBClient.go:118.8,120.3 1 0
github.com/haguru/sasuke/internal/interfaces/mocks/DBClient.go:121.2,121.15 1 0
github.com/haguru/sasuke/internal/interfaces/mocks/DBClient.go:133.140,135.2 1 0
github.com/haguru/sasuke/internal/interfaces/mocks/DBClient.go:137.157,138.40 1 0
github.com/haguru/sasuke/internal/interfaces/mocks/DBClient.go:138.40,140.21 2 0
github.com/haguru/sasuke/internal/interfaces/mocks/DBClient.go:140.21,142.4 1 0
github.com/haguru/sasuke/internal/interfaces/mocks/DBClient.go:143.3,144.21 2 0
github.com/haguru/sasuke/internal/interfaces/mocks/DBClient.go:144.21,146.4 1 0
github.com/haguru/sasuke/internal/interfaces/mocks/DBClient.go:147.3,148.21 2 0
github.com/haguru/sasuke/internal/interfaces/mocks/DBClient.go:148.21,150.4 1 0
github.com/haguru/sasuke/internal/interfaces/mocks/DBClient.go:151.3,155.4 1 0
github.com/haguru/sasuke/internal/interfaces/mocks/DBClient.go:157.2,157.11 1 0
github.com/haguru/sasuke/internal/interfaces/mocks/DBClient.go:160.98,163.2 2 0
github.com/haguru/sasuke/internal/interfaces/mocks/DBClient.go:165.181,168.2 2 0
github.com/haguru/sasuke/internal/interfaces/mocks/DBClient.go:171.125,174.19 2 0
github.com/haguru/sasuke/internal/interfaces/mocks/DBClient.go:174.19,175.51 1 0
github.com/haguru/sasuke/internal/interfaces/mocks/DBClient.go:178.2,180.106 3 0
github.com/haguru/sasuke/internal/interfaces/mocks/DBClient.go:180.106,182.3 1 0
github.com/haguru/sasuke/internal/interfaces/mocks/DBClient.go:183.2,183.97 1 0
github.com/haguru/sasuke/internal/interfaces/mocks/DBClient.go:183.97,185.3 1 0
github.com/haguru/sasuke/internal/interfaces/mocks/DBClient.go:185.8,187.3 1 0
github.com/haguru/sasuke/internal/interfaces/mocks/DBClient.go:188.2,188.97 1 0
github.com/haguru/sasuke/internal/interfaces/mocks/DBClient.go:188.97,190.3 1 0
github.com/haguru/sasuke/internal/interfaces/mocks/DBClient.go:190.8,192.3 1 0
github.com/haguru/sasuke/internal/interfaces/mocks/DBClient.go:193.2,193.15 1 0
github.com/haguru/sasuke/internal/interfaces/mocks/DBClient.go:205.138,207.2 1 0
github.com/haguru/sasuke/internal/interfaces/mocks/DBClient.go:209.155,210.40 1 0
github.com/haguru/sasuke/internal/interfaces/mocks/DBClient.go:210.40,212.21 2 0
github.com/haguru/sasuke/internal/interfaces/mocks/DBClient.go:212.21,214.4 1 0
github.com/haguru/sasuke/internal/interfaces/mocks/DBClient.go:215.3,216.21 2 0
github.com/haguru/sasuke/internal/interfaces/mocks/DBClient.go:216.21,218.4 1 0
github.com/haguru/sasuke/internal/interfaces/mocks/DBClient.go:219.3,220.21 2 0
github.com/haguru/sasuke/internal/interfaces/mocks/DBClient.go:220.21,222.4 1 0
github.com/haguru/sasuke/internal/interfaces/mocks/DBClient.go:223.3,227.4 1 0
github.com/haguru/sasuke/internal/interfaces/mocks/DBClient.go:229.2,229.11 1 0
github.com/haguru/sasuke/internal/interfaces/mocks/DBClient.go:232.96,235.2 2 0
github.com/haguru/sasuke/internal/interfaces/mocks/DBClient.go:237.179,240.2 2 0
github.com/haguru/sasuke/internal/interfaces/mocks/DBClient.go:243.66,246.19 2 0
github.com/haguru/sasuke/internal/interfaces/mocks/DBClient.go:246.19,247.52 1 0
github.com/haguru/sasuke/internal/interfaces/mocks/DBClient.go:250.2,251.68 2 0
github.com/haguru/sasuke/internal/interfaces/mocks/DBClient.go:251.68,253.3 1 0
github.com/haguru/sasuke/internal/interfaces/mocks/DBClient.go:253.8,255.3 1 0
github.com/haguru/sasuke/internal/interfaces/mocks/DBClient.go:256.2,256.11 1 0
github.com/haguru/sasuke/internal/interfaces/mocks/DBClient.go:266.92,268.2 1 0
github.com/haguru/sasuke/internal/interfaces/mocks/DBClient.go:270.106,271.40 1 0
github.com/haguru/sasuke/internal/interfaces/mocks/DBClient.go:271.40,273.21 2 0
github.com/haguru/sasuke/internal/interfaces/mocks/DBClient.go:273.21,275.4 1 0
github.com/haguru/sasuke/internal/interfaces/mocks/DBClient.go:276.3,278.4 1 0
github.com/haguru/sasuke/internal/interfaces/mocks/DBClient.go:280.2,280.11 1 0
github.com/haguru/sasuke/internal/interfaces/mocks/DBClient.go:283.89,286.2 2 0
github.com/haguru/sasuke/internal/interfaces/mocks/DBClient.go:288.121,291.2 2 0
github.com/haguru/sasuke/internal/interfaces/mocks/DBClient.go:294.109,297.19 2 0
github.com/haguru/sasuke/internal/interfaces/mocks/DBClient.go:297.19,298.54 1 0
github.com/haguru/sasuke/internal/interfaces/mocks/DBClient.go:301.2,302.97 2 0
github.com/haguru/sasuke/internal/interfaces/mocks/DBClient.go:302.97,304.3 1 0
github.com/haguru/sasuke/internal/interfaces/mocks/DBClient.go:304.8,306.3 1 0
github.com/haguru/sasuke/internal/interfaces/mocks/DBClient.go:307.2,307.11 1 0
github.com/haguru/sasuke/internal/interfaces/mocks/DBClient.go:319.134,321.2 1 0
github.com/haguru/sasuke/internal/interfaces/mocks/DBClient.go:323.151,324.40 1 0
github.com/haguru/sasuke/internal/interfaces/mocks/DBClient.go:324.40,326.21 2 0
github.com/haguru/sasuke/internal/interfaces/mocks/DBClient.go:326.21,328.4 1 0
github.com/haguru/sasuke/internal/interfaces/mocks/DBClient.go:329.3,330.21 2 0
github.com/haguru/sasuke/internal/interfaces/mocks/DBClient.go:330.21,332.4 1 0
github.com/haguru/sasuke/internal/interfaces/mocks/DBClient.go:333.3,334.21 2 0
github.com/haguru/sasuke/internal/interfaces/mocks/DBClient.go:334.21,336.4 1 0
github.com/haguru/sasuke/internal/interfaces/mocks/DBClient.go:337.3,341.4 1 0
github.com/haguru/sasuke/internal/interfaces/mocks/DBClient.go:343.2,343.11 1 0
github.com/haguru/sasuke/internal/interfaces/mocks/DBClient.go:346.93,349.2 2 0
github.com/haguru/sasuke/internal/interfaces/mocks/DBClient.go:351.166,354.2 2 0
github.com/haguru/sasuke/internal/interfaces/mocks/DBClient.go:357.140,360.19 2 0
github.com/haguru/sasuke/internal/interfaces/mocks/DBClient.go:360.19,361.50 1 0
github.com/haguru/sasuke/internal/interfaces/mocks/DBClient.go:364.2,366.122 3 0
github.com/haguru/sasuke/internal/interfaces/mocks/DBClient.go:366.122,368.3 1 0
github.com/haguru/sasuke/internal/interfaces/mocks/DBClient.go:369.2,369.113 1 0
github.com/haguru/sasuke/internal/interfaces/mocks/DBClient.go:369.113,371.3 1 0
github.com/haguru/sasuke/internal/interfaces/mocks/DBClient.go:371.8,372.24 1 0
github.com/haguru/sasuke/internal/interfaces/mocks/DBClient.go:372.24,374.4 1 0
github.com/haguru/sasuke/internal/interfaces/mocks/DBClient.go:376.2,376.97 1 0
github.com/haguru/sasuke/internal/interfaces/mocks/DBClient.go:376.97,378.3 1 0
github.com/haguru/sasuke/internal/interfaces/mocks/DBClient.go:378.8,380.3 1 0
github.com/haguru/sasuke/internal/interfaces/mocks/DBClient.go:381.2,381.15 1 0
github.com/haguru/sasuke/internal/interfaces/mocks/DBClient.go:393.136,395.2 1 0
github.com/haguru/sasuke/internal/interfaces/mocks/DBClient.go:397.153,398.40 1 0
github.com/haguru/sasuke/internal/interfaces/mocks/DBClient.go:398.40,400.21 2 0
github.com/haguru/sasuke/internal/interfaces/mocks/DBClient.go:400.21,402.4 1 0
github.com/haguru/sasuke/internal/interfaces/mocks/DBClient.go:403.3,404.21 2 0
github.com/haguru/sasuke/internal/interfaces/mocks/DBClient.go:404.21,406.4 1 0
github.com/haguru/sasuke/internal/interfaces/mocks/DBClient.go:407.3,408.21 2 0
github.com/haguru/sasuke/internal/interfaces/mocks/DBClient.go:408.21,410.4 1 0
github.com/haguru/sasuke/internal/interfaces/mocks/DBClient.go:411.3,415.4 1 0
github.com/haguru/sasuke/internal/interfaces/mocks/DBClient.go:417.2,417.11 1 0
github.com/haguru/sasuke/internal/interfaces/mocks/DBClient.go:420.118,423.2 2 0
github.com/haguru/sasuke/internal/interfaces/mocks/DBClient.go:425.193,428.2 2 0
github.com/haguru/sasuke/internal/interfaces/mocks/DBClient.go:431.142,434.19 2 0
github.com/haguru/sasuke/internal/interfaces/mocks/DBClient.go:434.19,435.49 1 0
github.com/haguru/sasuke/internal/interfaces/mocks/DBClient.go:438.2,439.118 2 0
github.com/haguru/sasuke/internal/interfaces/mocks/DBClient.go:439.118,441.3 1 0
github.com/haguru/sasuke/internal/interfaces/mocks/DBClient.go:441.8,443.3 1 0
github.com/haguru/sasuke/internal/interfaces/mocks/DBClient.go:444.2,444.11 1 0
github.com/haguru/sasuke/internal/interfaces/mocks/DBClient.go:457.154,459.2 1 0
github.com/haguru/sasuke/internal/interfaces/mocks/DBClient.go:461.179,462.40 1 0
github.com/haguru/sasuke/internal/interfaces/mocks/DBClient.go:462.40,464.21 2 0
github.com/haguru/sasuke/internal/interfaces/mocks/DBClient.go:464.21,466.4 1 0
github.com/haguru/sasuke/internal/interfaces/mocks/DBClient.go:467.3,468.21 2 0
github.com/haguru/sasuke/internal/interfaces/mocks/DBClient.go:468.21,470.4 1 0
github.com/haguru/sasuke/internal/interfaces/mocks/DBClient.go:471.3,472.21 2 0
github.com/haguru/sasuke/internal/interfaces/mocks/DBClient.go:472.21,474.4 1 0
github.com/haguru/sasuke/internal/interfaces/mocks/DBClient.go:475.3,476.21 2 0
github.com/haguru/sasuke/internal/interfaces/mocks/DBClient.go:476.21,478.4 1 0
github.com/haguru/sasuke/internal/interfaces/mocks/DBClient.go:479.3,484.4 1 0
github.com/haguru/sasuke/internal/interfaces/mocks/DBClient.go:486.2,486.11 1 0
github.com/haguru/sasuke/internal/interfaces/mocks/DBClient.go:489.83,492.2 2 0
github.com/haguru/sasuke/internal/interfaces/mocks/DBClient.go:494.194,497.2 2 0
github.com/haguru/sasuke/internal/interfaces/mocks/DBClient.go:500.133,503.19 2 0
github.com/haguru/sasuke/internal/interfaces/mocks/DBClient.go:503.19,504.51 1 0
github.com/haguru/sasuke/internal/interfaces/mocks/DBClient.go:507.2,509.112 3 0
github.com/haguru/sasuke/internal/interfaces/mocks/DBClient.go:509.112,511.3 1 0
github.com/haguru/sasuke/internal/interfaces/mocks/DBClient.go:512.2,512.103 1 0
github.com/haguru/sasuke/internal/interfaces/mocks/DBClient.go:512.103,514.3 1 0
github.com/haguru/sasuke/internal/interfaces/mocks/DBClient.go:514.8,515.24 1 0
github.com/haguru/sasuke/internal/interfaces/mocks/DBClient.go:515.24,517.4 1 0
github.com/haguru/sasuke/internal/interfaces/mocks/DBClient.go:519.2,519.97 1 0
github.com/haguru/sasuke/internal/interfaces/mocks/DBClient.go:519.97,521.3 1 0
github.com/haguru/sasuke/internal/interfaces/mocks/DBClient.go:521.8,523.3 1 0
github.com/haguru/sasuke/internal/interfaces/mocks/DBClient.go:524.2,524.15 1 0
github.com/haguru/sasuke/internal/interfaces/mocks/DBClient.go:536.140,538.2 1 0
github.com/haguru/sasuke/internal/interfaces/mocks/DBClient.go:540.157,541.40 1 0
github.com/haguru/sasuke/internal/interfaces/mocks/DBClient.go:541.40,543.21 2 0
github.com/haguru/sasuke/internal/interfaces/mocks/DBClient.go:543.21,545.4 1 0
github.com/haguru/sasuke/internal/interfaces/mocks/DBClient.go:546.3,547.21 2 0
github.com/haguru/sasuke/internal/interfaces/mocks/DBClient.go:547.21,549.4 1 0
github.com/haguru/sasuke/internal/interfaces/mocks/DBClient.go:550.3,551.21 2 0
github.com/haguru/sasuke/internal/interfaces/mocks/DBClient.go:551.21,553.4 1 0
github.com/haguru/sasuke/internal/interfaces/mocks/DBClient.go:554.3,558.4 1 0
github.com/haguru/sasuke/internal/interfaces/mocks/DBClient.go:560.2,560.11 1 0
github.com/haguru/sasuke/internal/interfaces/mocks/DBClient.go:563.109,566.2 2 0
github.com/haguru/sasuke/internal/interfaces/mocks/DBClient.go:568.187,571.2 2 0
github.com/haguru/sasuke/internal/interfaces/mocks/DBClient.go:574.60,577.19 2 0
github.com/haguru/sasuke/internal/interfaces/mocks/DBClient.go:577.19,578.46 1 0
github.com/haguru/sasuke/internal/interfaces/mocks/DBClient.go:581.2,582.68 2 0
github.com/haguru/sasuke/internal/interfaces/mocks/DBClient.go:582.68,584.3 1 0
github.com/haguru/sasuke/internal/interfaces/mocks/DBClient.go:584.8,586.3 1 0
github.com/haguru/sasuke/internal/interfaces/mocks/DBClient.go:587.2,587.11 1 0
github.com/haguru/sasuke/internal/interfaces/mocks/DBClient.go:597.80,599.2 1 0
github.com/haguru/sasuke/internal/interfaces/mocks/DBClient.go:601.94,602.40 1 0
github.com/haguru/sasuke/internal/interfaces/mocks/DBClient.go:602.40,604.21 2 0
github.com/haguru/sasuke/internal/interfaces/mocks/DBClient.go:604.21,606.4 1 0
github.com/haguru/sasuke/internal/interfaces/mocks/DBClient.go:607.3,609.4 1 0
github.com/haguru/sasuke/internal/interfaces/mocks/DBClient.go:611.2,611.11 1 0
github.com/haguru/sasuke/internal/interfaces/mocks/DBClient.go:614.77,617.2 2 0
github.com/haguru/sasuke/internal/interfaces/mocks/DBClient.go:619.109,622.2 2 0
github.com/haguru/sasuke/internal/interfaces/mocks/DBClient.go:625.153,628.19 2 0
github.com/haguru/sasuke/internal/interfaces/mocks/DBClient.go:628.19,629.51 1 0
github.com/haguru/sasuke/internal/interfaces/mocks/DBClient.go:632.2,634.127 3 0
github.com/haguru/sasuke/internal/interfaces/mocks/DBClient.go:634.127,636.3 1 0
github.com/haguru/sasuke/internal/interfaces/mocks/DBClient.go:637.2,637.118 1 0
github.com/haguru/sasuke/internal/interfaces/mocks/DBClient.go:637.118,639.3 1 0
github.com/haguru/sasuke/internal/interfaces/mocks/DBClient.go:639.8,641.3 1 0
github.com/haguru/sasuke/internal/interfaces/mocks/DBClient.go:642.2,642.118 1 0
github.com/haguru/sasuke/internal/interfaces/mocks/DBClient.go:642.118,644.3 1 0
github.com/haguru/sasuke/internal/interfaces/mocks/DBClient.go:644.8,646.3 1 0
github.com/haguru/sasuke/internal/interfaces/mocks/DBClient.go:647.2,647.15 1 0
github.com/haguru/sasuke/internal/interfaces/mocks/DBClient.go:660.158,662.2 1 0
github.com/haguru/sasuke/internal/interfaces/mocks/DBClient.go:664.183,665.40 1 0
github.com/haguru/sasuke/internal/interfaces/mocks/DBClient.go:665.40,667.21 2 0
github.com/haguru/sasuke/internal/interfaces/mocks/DBClient.go:667.21,669.4 1 0
github.com/haguru/sasuke/internal/interfaces/mocks/DBClient.go:670.3,671.21 2 0
github.com/haguru/sasuke/internal/interfaces/mocks/DBClient.go:671.21,673.4 1 0
github.com/haguru/sasuke/internal/interfaces/mocks/DBClient.go:674.3,675.21 2 0
github.com/haguru/sasuke/internal/interfaces/mocks/DBClient.go:675.21,677.4 1 0
github.com/haguru/sasuke/internal/interfaces/mocks/DBClient.go:678.3,679.21 2 0
github.com/haguru/sasuke/internal/interfaces/mocks/DBClient.go:679.21,681.4 1 0
github.com/haguru/sasuke/internal/interfaces/mocks/DBClient.go:682.3,687.4 1 0
github.com/haguru/sasuke/internal/interfaces/mocks/DBClient.go:689.2,689.11 1 0
github.com/haguru/sasuke/internal/interfaces/mocks/DBClient.go:692.96,695.2 2 0
github.com/haguru/sasuke/internal/interfaces/mocks/DBClient.go:697.207,700.2 2 0
github.com/haguru/sasuke/internal/interfaces/mocks/Document.go:16.18,20.19 3 0
github.com/haguru/sasuke/internal/interfaces/mocks/Document.go:20.19,20.49 1 0
github.com/haguru/sasuke/internal/interfaces/mocks/Document.go:22.2,22.13 1 0
github.com/haguru/sasuke/internal/interfaces/mocks/Document.go:34.57,36.2 1 0
github.com/haguru/sasuke/internal/interfaces/mocks/Server.go:18.16,22.19 3 0
github.com/haguru/sasuke/internal/interfaces/mocks/Server.go:22.19,22.49 1 0
github.com/haguru/sasuke/internal/interfaces/mocks/Server.go:24.2,24.13 1 0
github.com/haguru/sasuke/internal/interfaces/mocks/Server.go:36.53,38.2 1 0
github.com/haguru/sasuke/internal/interfaces/mocks/Server.go:41.109,44.19 2 0
github.com/haguru/sasuke/internal/interfaces/mocks/Server.go:44.19,45.50 1 0
github.com/haguru/sasuke/internal/interfaces/mocks/Server.go:48.2,49.105 2 0
github.com/haguru/sasuke/internal/interfaces/mocks/Server.go:49.105,51.3 1 0
github.com/haguru/sasuke/internal/interfaces/mocks/Server.go:51.8,53.3 1 0
github.com/haguru/sasuke/internal/interfaces/mocks/Server.go:54.2,54.11 1 0
github.com/haguru/sasuke/internal/interfaces/mocks/Server.go:65.107,67.2 1 0
github.com/haguru/sasuke/internal/interfaces/mocks/Server.go:69.145,70.40 1 0
github.com/haguru/sasuke/internal/interfaces/mocks/Server.go:70.40,72.21 2 0
github.com/haguru/sasuke/internal/interfaces/mocks/Server.go:72.21,74.4 1 0
github.com/haguru/sasuke/internal/interfaces/mocks/Server.go:75.3,76.21 2 0
github.com/haguru/sasuke/internal/interfaces/mocks/Server.go:76.21,78.4 1 0
github.com/haguru/sasuke/internal/interfaces/mocks/Server.go:79.3,82.4 1 0
github.com/haguru/sasuke/internal/interfaces/mocks/Server.go:84.2,84.11 1 0
github.com/haguru/sasuke/internal/interfaces/mocks/Server.go:87.81,90.2 2 0
github.com/haguru/sasuke/internal/interfaces/mocks/Server.go:92.160,95.2 2 0
github.com/haguru/sasuke/internal/interfaces/mocks/Server.go:98.49,101.19 2 0
github.com/haguru/sasuke/internal/interfaces/mocks/Server.go:101.19,102.56 1 0
github.com/haguru/sasuke/internal/interfaces/mocks/Server.go:105.2,106.53 2 0
github.com/haguru/sasuke/internal/interfaces/mocks/Server.go:106.53,108.3 1 0
github.com/haguru/sasuke/internal/interfaces/mocks/Server.go:108.8,110.3 1 0
github.com/haguru/sasuke/internal/interfaces/mocks/Server.go:111.2,111.11 1 0
github.com/haguru/sasuke/internal/interfaces/mocks/Server.go:120.81,122.2 1 0
github.com/haguru/sasuke/internal/interfaces/mocks/Server.go:124.91,125.40 1 0
github.com/haguru/sasuke/internal/interfaces/mocks/Server.go:125.40,127.3 1 0
github.com/haguru/sasuke/internal/interfaces/mocks/Server.go:128.2,128.11 1 0
github.com/haguru/sasuke/internal/interfaces/mocks/Server.go:131.93,134.2 2 0
github.com/haguru/sasuke/internal/interfaces/mocks/Server.go:136.106,139.2 2 0
github.com/haguru/sasuke/internal/interfaces/mocks/UserRepository.go:19.24,23.19 3 0
github.com/haguru/sasuke/internal/interfaces/mocks/UserRepository.go:23.19,23.49 1 0
github.com/haguru/sasuke/internal/interfaces/mocks/UserRepository.go:25.2,25.13 1 0
github.com/haguru/sasuke/internal/interfaces/mocks/UserRepository.go:37.69,39.2 1 0
github.com/haguru/sasuke/internal/interfaces/mocks/UserRepository.go:42.97,45.19 2 0
github.com/haguru/sasuke/internal/interfaces/mocks/UserRepository.go:45.19,46.49 1 0
github.com/haguru/sasuke/internal/interfaces/mocks/UserRepository.go:49.2,51.91 3 0
github.com/haguru/sasuke/internal/interfaces/mocks/UserRepository.go:51.91,53.3 1 0
github.com/haguru/sasuke/internal/interfaces/mocks/UserRepository.go:54.2,54.82 1 0
github.com/haguru/sasuke/internal/interfaces/mocks/UserRepository.go:54.82,56.3 1 0
github.com/haguru/sasuke/internal/interfaces/mocks/UserRepository.go:56.8,58.3 1 0
github.com/haguru/sasuke/internal/interfaces/mocks/UserRepository.go:59.2,59.81 1 0
github.com/haguru/sasuke/internal/interfaces/mocks/UserRepository.go:59.81,61.3 1 0
github.com/haguru/sasuke/internal/interfaces/mocks/UserRepository.go:61.8,63.3 1 0
github.com/haguru/sasuke/internal/interfaces/mocks/UserRepository.go:64.2,64.15 1 0
github.com/haguru/sasuke/internal/interfaces/mocks/UserRepository.go:75.116,77.2 1 0
github.com/haguru/sasuke/internal/interfaces/mocks/UserRepository.go:79.130,80.40 1 0
github.com/haguru/sasuke/internal/interfaces/mocks/UserRepository.go:80.40,82.21 2 0
github.com/haguru/sasuke/internal/interfaces/mocks/UserRepository.go:82.21,84.4 1 0
github.com/haguru/sasuke/internal/interfaces/mocks/UserRepository.go:85.3,86.21 2 0
github.com/haguru/sasuke/internal/interfaces/mocks/UserRepository.go:86.21,88.4 1 0
github.com/haguru/sasuke/internal/interfaces/mocks/UserRepository.go:89.3,92.4 1 0
github.com/haguru/sasuke/internal/interfaces/mocks/UserRepository.go:94.2,94.11 1 0
github.com/haguru/sasuke/internal/interfaces/mocks/UserRepository.go:97.105,100.2 2 0
github.com/haguru/sasuke/internal/interfaces/mocks/UserRepository.go:102.155,105.2 2 0
github.com/haguru/sasuke/internal/interfaces/mocks/UserRepository.go:108.67,111.19 2 0
github.com/haguru/sasuke/internal/interfaces/mocks/UserRepository.go:111.19,112.47 1 0
github.com/haguru/sasuke/internal/interfaces/mocks/UserRepository.go:115.2,116.68 2 0
github.com/haguru/sasuke/internal/interfaces/mocks/UserRepository.go:116.68,118.3 1 0
github.com/haguru/sasuke/internal/interfaces/mocks/UserRepository.go:118.8,120.3 1 0
github.com/haguru/sasuke/internal/interfaces/mocks/UserRepository.go:121.2,121.11 1 0
github.com/haguru/sasuke/internal/interfaces/mocks/UserRepository.go:131.94,133.2 1 0
github.com/haguru/sasuke/internal/interfaces/mocks/UserRepository.go:135.108,136.40 1 0
github.com/haguru/sasuke/internal/interfaces/mocks/UserRepository.go:136.40,138.21 2 0
github.com/haguru/sasuke/internal/interfaces/mocks/UserRepository.go:138.21,140.4 1 0
github.com/haguru/sasuke/internal/interfaces/mocks/UserRepository.go:141.3,143.4 1 0
github.com/haguru/sasuke/internal/interfaces/mocks/UserRepository.go:145.2,145.11 1 0
github.com/haguru/sasuke/internal/interfaces/mocks/UserRepository.go:148.91,151.2 2 0
github.com/haguru/sasuke/internal/interfaces/mocks/UserRepository.go:153.123,156.2 2 0
github.com/haguru/sasuke/internal/interfaces/mocks/UserRepository.go:159.75,162.19 2 0
github.com/haguru/sasuke/internal/interfaces/mocks/UserRepository.go:162.19,163.55 1 0
github.com/haguru/sasuke/internal/interfaces/mocks/UserRepository.go:166.2,167.68 2 0
github.com/haguru/sasuke/internal/interfaces/mocks/UserRepository.go:167.68,169.3 1 0
github.com/haguru/sasuke/internal/interfaces/mocks/UserRepository.go:169.8,171.3 1 0
github.com/haguru/sasuke/internal/interfaces/mocks/UserRepository.go:172.2,172.11 1 0
github.com/haguru/sasuke/internal/interfaces/mocks/UserRepository.go:182.110,184.2 1 0
github.com/haguru/sasuke/internal/interfaces/mocks/UserRepository.go:186.124,187.40 1 0
github.com/haguru/sasuke/internal/interfaces/mocks/UserRepository.go:187.40,189.21 2 0
github.com/haguru/sasuke/internal/interfaces/mocks/UserRepository.go:189.21,191.4 1 0
github.com/haguru/sasuke/internal/interfaces/mocks/UserRepository.go:192.3,194.4 1 0
github.com/haguru/sasuke/internal/interfaces/mocks/UserRepository.go:196.2,196.11 1 0
github.com/haguru/sasuke/internal/interfaces/mocks/UserRepository.go:199.107,202.2 2 0
github.com/haguru/sasuke/internal/interfaces/mocks/UserRepository.go:204.139,207.2 2 0
github.com/haguru/sasuke/internal/interfaces/mocks/UserRepository.go:210.112,213.19 2 0
github.com/haguru/sasuke/internal/interfaces/mocks/UserRepository.go:213.19,214.59 1 0
github.com/haguru/sasuke/internal/interfaces/mocks/UserRepository.go:217.2,219.92 3 0
github.com/haguru/sasuke/internal/interfaces/mocks/UserRepository.go:219.92,221.3 1 0
github.com/haguru/sasuke/internal/interfaces/mocks/UserRepository.go:222.2,222.83 1 0
github.com/haguru/sasuke/internal/interfaces/mocks/UserRepository.go:222.83,224.3 1 0
github.com/haguru/sasuke/internal/interfaces/mocks/UserRepository.go:224.8,225.24 1 0
github.com/haguru/sasuke/internal/interfaces/mocks/UserRepository.go:225.24,227.4 1 0
github.com/haguru/sasuke/internal/interfaces/mocks/UserRepository.go:229.2,229.76 1 0
github.com/haguru/sasuke/internal/interfaces/mocks/UserRepository.go:229.76,231.3 1 0
github.com/haguru/sasuke/internal/interfaces/mocks/UserRepository.go:231.8,233.3 1 0
github.com/haguru/sasuke/internal/interfaces/mocks/UserRepository.go:234.2,234.15 1 0
github.com/haguru/sasuke/internal/interfaces/mocks/UserRepository.go:245.140,247.2 1 0
github.com/haguru/sasuke/internal/interfaces/mocks/UserRepository.go:249.149,250.40 1 0
github.com/haguru/sasuke/internal/interfaces/mocks/UserRepository.go:250.40,252.21 2 0
github.com/haguru/sasuke/internal/interfaces/mocks/UserRepository.go:252.21,254.4 1 0
github.com/haguru/sasuke/internal/interfaces/mocks/UserRepository.go:255.3,256.21 2 0
github.com/haguru/sasuke/internal/interfaces/mocks/UserRepository.go:256.21,258.4 1 0
github.com/haguru/sasuke/internal/interfaces/mocks/UserRepository.go:259.3,262.4 1 0
github.com/haguru/sasuke/internal/interfaces/mocks/UserRepository.go:264.2,264.11 1 0
github.com/haguru/sasuke/internal/interfaces/mocks/UserRepository.go:267.134,270.2 2 0
github.com/haguru/sasuke/internal/interfaces/mocks/UserRepository.go:272.180,275.2 2 0
github.com/haguru/sasuke/internal/app/app.go:42.46,44.16 2 0
github.com/haguru/sasuke/internal/app/app.go:44.16,46.3 1 0
github.com/haguru/sasuke/internal/app/app.go:48.2,54.45 3 0
github.com/haguru/sasuke/internal/app/app.go:54.45,58.3 2 0
github.com/haguru/sasuke/internal/app/app.go:60.2,67.30 4 0
github.com/haguru/sasuke/internal/app/app.go:67.30,69.3 1 0
github.com/haguru/sasuke/internal/app/app.go:72.2,74.16 3 0
github.com/haguru/sasuke/internal/app/app.go:74.16,76.3 1 0
github.com/haguru/sasuke/internal/app/app.go:79.2,81.27 3 0
github.com/haguru/sasuke/internal/app/app.go:82.15,86.17 3 0
github.com/haguru/sasuke/internal/app/app.go:86.17,88.4 1 0
github.com/haguru/sasuke/internal/app/app.go:90.3,91.17 2 0
github.com/haguru/sasuke/internal/app/app.go:91.17,93.4 1 0
github.com/haguru/sasuke/internal/app/app.go:95.18,104.17 4 0
github.com/haguru/sasuke/internal/app/app.go:104.17,106.4 1 0
github.com/haguru/sasuke/internal/app/app.go:108.10,109.77 1 0
github.com/haguru/sasuke/internal/app/app.go:113.2,113.68 1 0
github.com/haguru/sasuke/internal/app/app.go:113.68,115.3 1 0
github.com/haguru/sasuke/internal/app/app.go:118.2,126.16 5 0
github.com/haguru/sasuke/internal/app/app.go:126.16,128.3 1 0
github.com/haguru/sasuke/internal/app/app.go:131.2,132.16 2 0
github.com/haguru/sasuke/internal/app/app.go:132.16,134.3 1 0
github.com/haguru/sasuke/internal/app/app.go:137.2,137.56 1 0
github.com/haguru/sasuke/internal/app/app.go:137.56,139.3 1 0
github.com/haguru/sasuke/internal/app/app.go:141.2,141.17 1 0
github.com/haguru/sasuke/internal/metrics/metrics.go:16.46,42.2 5 0
github.com/haguru/sasuke/internal/models/user.go:25.54,30.2 1 0
github.com/haguru/sasuke/internal/auth/auth.go:27.81,44.16 4 1
github.com/haguru/sasuke/internal/auth/auth.go:44.16,46.3 1 0
github.com/haguru/sasuke/internal/auth/auth.go:48.2,48.23 1 1
github.com/haguru/sasuke/internal/auth/auth.go:51.89,53.110 1 1
github.com/haguru/sasuke/internal/auth/auth.go:53.110,55.59 1 1
github.com/haguru/sasuke/internal/auth/auth.go:55.59,57.4 1 0
github.com/haguru/sasuke/internal/auth/auth.go:58.3,58.24 1 1
github.com/haguru/sasuke/internal/auth/auth.go:60.2,60.16 1 1
github.com/haguru/sasuke/internal/auth/auth.go:60.16,62.3 1 1
github.com/haguru/sasuke/internal/auth/auth.go:64.2,64.67 1 1
github.com/haguru/sasuke/internal/auth/auth.go:64.67,66.3 1 1
github.com/haguru/sasuke/internal/auth/auth.go:68.2,68.51 1 0
github.com/haguru/sasuke/internal/auth/keys.go:12.69,14.44 1 1
github.com/haguru/sasuke/internal/auth/keys.go:14.44,16.3 1 1
github.com/haguru/sasuke/internal/auth/keys.go:18.2,19.16 2 1
github.com/haguru/sasuke/internal/auth/keys.go:19.16,21.3 1 0
github.com/haguru/sasuke/internal/auth/keys.go:23.2,24.18 2 1
github.com/haguru/sasuke/internal/auth/keys.go:24.18,26.3 1 1
github.com/haguru/sasuke/internal/auth/keys.go:28.2,29.16 2 1
github.com/haguru/sasuke/internal/auth/keys.go:29.16,31.3 1 0
github.com/haguru/sasuke/internal/auth/keys.go:33.2,33.24 1 1
github.com/haguru/sasuke/internal/userrepo/postgres/userrepo.go:44.97,45.21 1 0
github.com/haguru/sasuke/internal/userrepo/postgres/userrepo.go:45.21,47.3 1 0
github.com/haguru/sasuke/internal/userrepo/postgres/userrepo.go:49.2,49.63 1 0
github.com/haguru/sasuke/internal/userrepo/postgres/userrepo.go:49.63,51.3 1 0
github.com/haguru/sasuke/internal/userrepo/postgres/userrepo.go:53.2,53.57 1 0
github.com/haguru/sasuke/internal/userrepo/postgres/userrepo.go:58.97,67.16 3 0
github.com/haguru/sasuke/internal/userrepo/postgres/userrepo.go:67.16,69.64 1 0
github.com/haguru/sasuke/internal/userrepo/postgres/userrepo.go:69.64,71.4 1 0
github.com/haguru/sasuke/internal/userrepo/postgres/userrepo.go:72.3,72.69 1 0
github.com/haguru/sasuke/internal/userrepo/postgres/userrepo.go:74.2,75.9 2 0
github.com/haguru/sasuke/internal/userrepo/postgres/userrepo.go:75.9,77.3 1 0
github.com/haguru/sasuke/internal/userrepo/postgres/userrepo.go:78.2,78.19 1 0
github.com/haguru/sasuke/internal/userrepo/postgres/userrepo.go:83.112,87.16 4 0
github.com/haguru/sasuke/internal/userrepo/postgres/userrepo.go:87.16,89.3 1 0
github.com/haguru/sasuke/internal/userrepo/postgres/userrepo.go:90.2,90.19 1 0
github.com/haguru/sasuke/internal/userrepo/postgres/userrepo.go:90.19,92.3 1 0
github.com/haguru/sasuke/internal/userrepo/postgres/userrepo.go:93.2,93.19 1 0
github.com/haguru/sasuke/internal/userrepo/postgres/userrepo.go:99.75,101.2 1 0
github.com/haguru/sasuke/internal/userrepo/postgres/userrepo.go:106.67,108.2 1 0
github.com/haguru/sasuke/internal/server/server.go:16.53,21.2 1 0
github.com/haguru/sasuke/internal/server/server.go:27.101,32.2 2 0
github.com/haguru/sasuke/internal/server/server.go:35.41,40.16 3 0
github.com/haguru/sasuke/internal/server/server.go:40.16,44.3 1 0
github.com/haguru/sasuke/internal/server/server.go:47.2,47.12 1 0
github.com/haguru/sasuke/pkg/databases/postgres/client.go:35.115,41.2 1 0
github.com/haguru/sasuke/pkg/databases/postgres/client.go:44.81,47.16 3 0
github.com/haguru/sasuke/pkg/databases/postgres/client.go:47.16,49.3 1 0
github.com/haguru/sasuke/pkg/databases/postgres/client.go:51.2,55.20 4 0
github.com/haguru/sasuke/pkg/databases/postgres/client.go:59.72,60.17 1 0
github.com/haguru/sasuke/pkg/databases/postgres/client.go:60.17,62.3 1 0
github.com/haguru/sasuke/pkg/databases/postgres/client.go:63.2,63.12 1 0
github.com/haguru/sasuke/pkg/databases/postgres/client.go:69.134,71.9 2 0
github.com/haguru/sasuke/pkg/databases/postgres/client.go:71.9,73.3 1 0
github.com/haguru/sasuke/pkg/databases/postgres/client.go:76.2,76.40 1 0
github.com/haguru/sasuke/pkg/databases/postgres/client.go:76.40,78.3 1 0
github.com/haguru/sasuke/pkg/databases/postgres/client.go:80.2,85.31 5 0
github.com/haguru/sasuke/pkg/databases/postgres/client.go:85.31,90.3 4 0
github.com/haguru/sasuke/pkg/databases/postgres/client.go:92.2,100.16 4 0
github.com/haguru/sasuke/pkg/databases/postgres/client.go:100.16,102.3 1 0
github.com/haguru/sasuke/pkg/databases/postgres/client.go:103.2,103.24 1 0
github.com/haguru/sasuke/pkg/databases/postgres/client.go:110.143,112.9 2 0
github.com/haguru/sasuke/pkg/databases/postgres/client.go:112.9,114.3 1 0
github.com/haguru/sasuke/pkg/databases/postgres/client.go:115.2,115.25 1 0
github.com/haguru/sasuke/pkg/databases/postgres/client.go:115.25,117.3 1 0
github.com/haguru/sasuke/pkg/databases/postgres/client.go:120.2,123.34 4 0
github.com/haguru/sasuke/pkg/databases/postgres/client.go:123.34,127.3 3 0
github.com/haguru/sasuke/pkg/databases/postgres/client.go:128.2,132.86 3 0
github.com/haguru/sasuke/pkg/databases/postgres/client.go:132.86,134.3 1 0
github.com/haguru/sasuke/pkg/databases/postgres/client.go:135.2,141.33 5 0
github.com/haguru/sasuke/pkg/databases/postgres/client.go:141.33,145.3 3 0
github.com/haguru/sasuke/pkg/databases/postgres/client.go:147.2,155.26 4 0
github.com/haguru/sasuke/pkg/databases/postgres/client.go:155.26,159.3 2 0
github.com/haguru/sasuke/pkg/databases/postgres/client.go:160.2,160.12 1 0
github.com/haguru/sasuke/pkg/databases/postgres/client.go:166.141,168.9 2 0
github.com/haguru/sasuke/pkg/databases/postgres/client.go:168.9,170.3 1 0
github.com/haguru/sasuke/pkg/databases/postgres/client.go:172.2,175.34 4 0
github.com/haguru/sasuke/pkg/databases/postgres/client.go:175.34,179.3 3 0
github.com/haguru/sasuke/pkg/databases/postgres/client.go:180.2,181.27 2 0
github.com/haguru/sasuke/pkg/databases/postgres/client.go:181.27,183.3 1 0
github.com/haguru/sasuke/pkg/databases/postgres/client.go:186.2,189.16 3 0
github.com/haguru/sasuke/pkg/databases/postgres/client.go:189.16,191.3 1 0
github.com/haguru/sasuke/pkg/databases/postgres/client.go:192.2,192.15 1 0
github.com/haguru/sasuke/pkg/databases/postgres/client.go:192.15,193.40 1 0
github.com/haguru/sasuke/pkg/databases/postgres/client.go:193.40,195.4 1 0
github.com/haguru/sasuke/pkg/databases/postgres/client.go:198.2,200.16 3 0
github.com/haguru/sasuke/pkg/databases/postgres/client.go:200.16,202.3 1 0
github.com/haguru/sasuke/pkg/databases/postgres/client.go:204.2,204.18 1 0
github.com/haguru/sasuke/pkg/databases/postgres/client.go:204.18,207.26 3 0
github.com/haguru/sasuke/pkg/databases/postgres/client.go:207.26,209.4 1 0
github.com/haguru/sasuke/pkg/databases/postgres/client.go:211.3,211.54 1 0
github.com/haguru/sasuke/pkg/databases/postgres/client.go:211.54,213.4 1 0
github.com/haguru/sasuke/pkg/databases/postgres/client.go:215.3,216.35 2 0
github.com/haguru/sasuke/pkg/databases/postgres/client.go:216.35,218.33 2 0
github.com/haguru/sasuke/pkg/databases/postgres/client.go:218.33,220.5 1 0
github.com/haguru/sasuke/pkg/databases/postgres/client.go:220.10,222.5 1 0
github.com/haguru/sasuke/pkg/databases/postgres/client.go:224.3,224.36 1 0
github.com/haguru/sasuke/pkg/databases/postgres/client.go:227.2,227.34 1 0
github.com/haguru/sasuke/pkg/databases/postgres/client.go:227.34,229.3 1 0
github.com/haguru/sasuke/pkg/databases/postgres/client.go:230.2,230.21 1 0
github.com/haguru/sasuke/pkg/databases/postgres/client.go:235.154,237.9 2 0
github.com/haguru/sasuke/pkg/databases/postgres/client.go:237.9,239.3 1 0
github.com/haguru/sasuke/pkg/databases/postgres/client.go:240.2,241.9 2 0
github.com/haguru/sasuke/pkg/databases/postgres/client.go:241.9,243.3 1 0
github.com/haguru/sasuke/pkg/databases/postgres/client.go:245.2,250.34 5 0
github.com/haguru/sasuke/pkg/databases/postgres/client.go:250.34,254.3 3 0
github.com/haguru/sasuke/pkg/databases/postgres/client.go:256.2,256.34 1 0
github.com/haguru/sasuke/pkg/databases/postgres/client.go:256.34,260.3 3 0
github.com/haguru/sasuke/pkg/databases/postgres/client.go:262.2,269.16 3 0
github.com/haguru/sasuke/pkg/databases/postgres/client.go:269.16,271.3 1 0
github.com/haguru/sasuke/pkg/databases/postgres/client.go:272.2,273.16 2 0
github.com/haguru/sasuke/pkg/databases/postgres/client.go:273.16,275.3 1 0
github.com/haguru/sasuke/pkg/databases/postgres/client.go:276.2,276.26 1 0
github.com/haguru/sasuke/pkg/databases/postgres/client.go:281.126,283.9 2 0
github.com/haguru/sasuke/pkg/databases/postgres/client.go:283.9,285.3 1 0
github.com/haguru/sasuke/pkg/databases/postgres/client.go:287.2,290.34 4 0
github.com/haguru/sasuke/pkg/databases/postgres/client.go:290.34,294.3 3 0
github.com/haguru/sasuke/pkg/databases/postgres/client.go:296.2,302.16 3 0
github.com/haguru/sasuke/pkg/databases/postgres/client.go:302.16,304.3 1 0
github.com/haguru/sasuke/pkg/databases/postgres/client.go:305.2,306.16 2 0
github.com/haguru/sasuke/pkg/databases/postgres/client.go:306.16,308.3 1 0
github.com/haguru/sasuke/pkg/databases/postgres/client.go:309.2,309.26 1 0
github.com/haguru/sasuke/pkg/databases/postgres/client.go:314.127,316.9 2 0
github.com/haguru/sasuke/pkg/databases/postgres/client.go:316.9,318.3 1 0
github.com/haguru/sasuke/pkg/databases/postgres/client.go:320.2,323.34 4 0
github.com/haguru/sasuke/pkg/databases/postgres/client.go:323.34,327.3 3 0
github.com/haguru/sasuke/pkg/databases/postgres/client.go:329.2,330.27 2 0
github.com/haguru/sasuke/pkg/databases/postgres/client.go:330.27,332.3 1 0
github.com/haguru/sasuke/pkg/databases/postgres/client.go:334.2,337.16 3 0
github.com/haguru/sasuke/pkg/databases/postgres/client.go:337.16,339.3 1 0
github.com/haguru/sasuke/pkg/databases/postgres/client.go:340.2,341.16 2 0
github.com/haguru/sasuke/pkg/databases/postgres/client.go:341.16,343.3 1 0
github.com/haguru/sasuke/pkg/databases/postgres/client.go:344.2,344.26 1 0
github.com/haguru/sasuke/pkg/databases/postgres/client.go:348.66,350.2 1 0
github.com/haguru/sasuke/pkg/databases/postgres/client.go:355.120,357.17 1 0
github.com/haguru/sasuke/pkg/databases/postgres/client.go:357.17,359.3 1 0
github.com/haguru/sasuke/pkg/databases/postgres/client.go:362.2,362.19 1 0
github.com/haguru/sasuke/pkg/databases/postgres/client.go:362.19,364.3 1 0
github.com/haguru/sasuke/pkg/databases/postgres/client.go:366.2,367.9 2 0
github.com/haguru/sasuke/pkg/databases/postgres/client.go:367.9,369.3 1 0
github.com/haguru/sasuke/pkg/databases/postgres/client.go:370.2,371.12 2 0
github.com/haguru/sasuke/pkg/databases/mongo/client.go:36.101,43.2 2 0
github.com/haguru/sasuke/pkg/databases/mongo/client.go:49.72,53.19 2 0
github.com/haguru/sasuke/pkg/databases/mongo/client.go:53.19,57.3 3 0
github.com/haguru/sasuke/pkg/databases/mongo/client.go:58.2,61.25 2 0
github.com/haguru/sasuke/pkg/databases/mongo/client.go:61.25,63.3 1 0
github.com/haguru/sasuke/pkg/databases/mongo/client.go:65.2,80.16 5 0
github.com/haguru/sasuke/pkg/databases/mongo/client.go:80.16,82.3 1 0
github.com/haguru/sasuke/pkg/databases/mongo/client.go:85.2,85.62 1 0
github.com/haguru/sasuke/pkg/databases/mongo/client.go:85.62,87.3 1 0
github.com/haguru/sasuke/pkg/databases/mongo/client.go:88.2,91.15 2 0
github.com/haguru/sasuke/pkg/databases/mongo/client.go:91.15,93.3 1 0
github.com/haguru/sasuke/pkg/databases/mongo/client.go:94.2,94.88 1 0
github.com/haguru/sasuke/pkg/databases/mongo/client.go:94.88,96.3 1 0
github.com/haguru/sasuke/pkg/databases/mongo/client.go:98.2,99.16 2 0
github.com/haguru/sasuke/pkg/databases/mongo/client.go:99.16,101.3 1 0
github.com/haguru/sasuke/pkg/databases/mongo/client.go:103.2,104.20 2 0
github.com/haguru/sasuke/pkg/databases/mongo/client.go:109.63,111.21 2 0
github.com/haguru/sasuke/pkg/databases/mongo/client.go:111.21,113.3 1 0
github.com/haguru/sasuke/pkg/databases/mongo/client.go:115.2,115.12 1 0
github.com/haguru/sasuke/pkg/databases/mongo/client.go:121.130,126.26 2 0
github.com/haguru/sasuke/pkg/databases/mongo/client.go:126.26,128.3 1 0
github.com/haguru/sasuke/pkg/databases/mongo/client.go:129.2,130.16 2 0
github.com/haguru/sasuke/pkg/databases/mongo/client.go:130.16,132.3 1 0
github.com/haguru/sasuke/pkg/databases/mongo/client.go:134.2,134.28 1 0
github.com/haguru/sasuke/pkg/databases/mongo/client.go:141.139,145.16 3 0
github.com/haguru/sasuke/pkg/databases/mongo/client.go:145.16,146.34 1 0
github.com/haguru/sasuke/pkg/databases/mongo/client.go:146.34,148.4 1 0
github.com/haguru/sasuke/pkg/databases/mongo/client.go:149.3,149.112 1 0
github.com/haguru/sasuke/pkg/databases/mongo/client.go:152.2,152.12 1 0
github.com/haguru/sasuke/pkg/databases/mongo/client.go:158.137,161.16 3 0
github.com/haguru/sasuke/pkg/databases/mongo/client.go:161.16,163.3 1 0
github.com/haguru/sasuke/pkg/databases/mongo/client.go:165.2,165.15 1 0
github.com/haguru/sasuke/pkg/databases/mongo/client.go:165.15,166.43 1 0
github.com/haguru/sasuke/pkg/databases/mongo/client.go:166.43,168.4 1 0
github.com/haguru/sasuke/pkg/databases/mongo/client.go:171.2,172.23 2 0
github.com/haguru/sasuke/pkg/databases/mongo/client.go:172.23,174.45 2 0
github.com/haguru/sasuke/pkg/databases/mongo/client.go:174.45,176.4 1 0
github.com/haguru/sasuke/pkg/databases/mongo/client.go:177.3,177.33 1 0
github.com/haguru/sasuke/pkg/databases/mongo/client.go:180.2,180.21 1 0
github.com/haguru/sasuke/pkg/databases/mongo/client.go:187.150,191.16 3 0
github.com/haguru/sasuke/pkg/databases/mongo/client.go:191.16,193.3 1 0
github.com/haguru/sasuke/pkg/databases/mongo/client.go:195.2,195.31 1 0
github.com/haguru/sasuke/pkg/databases/mongo/client.go:201.122,205.16 3 0
github.com/haguru/sasuke/pkg/databases/mongo/client.go:205.16,207.3 1 0
github.com/haguru/sasuke/pkg/databases/mongo/client.go:209.2,209.30 1 0
github.com/haguru/sasuke/pkg/databases/mongo/client.go:215.123,219.16 3 0
github.com/haguru/sasuke/pkg/databases/mongo/client.go:219.16,221.3 1 0
github.com/haguru/sasuke/pkg/databases/mongo/client.go:223.2,223.30 1 0
github.com/haguru/sasuke/pkg/databases/mongo/client.go:228.57,231.2 2 0
github.com/haguru/sasuke/pkg/databases/mongo/client.go:237.75,239.16 2 0
github.com/haguru/sasuke/pkg/databases/mongo/client.go:239.16,241.3 1 0
github.com/haguru/sasuke/pkg/databases/mongo/client.go:245.2,246.18 2 0
github.com/haguru/sasuke/pkg/databases/mongo/client.go:246.18,248.3 1 0
github.com/haguru/sasuke/pkg/databases/mongo/client.go:255.2,255.50 1 0
github.com/haguru/sasuke/pkg/databases/mongo/client.go:255.50,257.3 1 0
github.com/haguru/sasuke/pkg/databases/mongo/client.go:259.2,259.20 1 0
github.com/haguru/sasuke/pkg/databases/mongo/client.go:267.116,269.17 1 0
github.com/haguru/sasuke/pkg/databases/mongo/client.go:269.17,271.3 1 0
github.com/haguru/sasuke/pkg/databases/mongo/client.go:274.2,274.19 1 0
github.com/haguru/sasuke/pkg/databases/mongo/client.go:274.19,276.3 1 0
github.com/haguru/sasuke/pkg/databases/mongo/client.go:279.2,280.9 2 0
github.com/haguru/sasuke/pkg/databases/mongo/client.go:280.9,282.3 1 0
github.com/haguru/sasuke/pkg/databases/mongo/client.go:284.2,286.12 3 0
github.com/haguru/sasuke/internal/userservice/userservice.go:20.66,22.2 1 0
github.com/haguru/sasuke/internal/userservice/userservice.go:25.100,27.16 2 0
github.com/haguru/sasuke/internal/userservice/userservice.go:27.16,29.3 1 0
github.com/haguru/sasuke/internal/userservice/userservice.go:31.2,37.16 3 0
github.com/haguru/sasuke/internal/userservice/userservice.go:37.16,39.3 1 0
github.com/haguru/sasuke/internal/userservice/userservice.go:40.2,40.20 1 0
github.com/haguru/sasuke/internal/userservice/userservice.go:45.102,47.16 2 0
github.com/haguru/sasuke/internal/userservice/userservice.go:47.16,49.3 1 0
github.com/haguru/sasuke/internal/userservice/userservice.go:50.2,50.17 1 0
github.com/haguru/sasuke/internal/userservice/userservice.go:50.17,52.3 1 0
github.com/haguru/sasuke/internal/userservice/userservice.go:54.2,55.16 2 0
github.com/haguru/sasuke/internal/userservice/userservice.go:55.16,57.3 1 0
github.com/haguru/sasuke/internal/userservice/userservice.go:59.2,59.18 1 0
github.com/haguru/sasuke/internal/userrepo/mongo/userrepo.go:27.94,28.21 1 0
github.com/haguru/sasuke/internal/userrepo/mongo/userrepo.go:28.21,30.3 1 0
github.com/haguru/sasuke/internal/userrepo/mongo/userrepo.go:32.2,32.57 1 0
github.com/haguru/sasuke/internal/userrepo/mongo/userrepo.go:32.57,34.3 1 0
github.com/haguru/sasuke/internal/userrepo/mongo/userrepo.go:35.2,35.54 1 0
github.com/haguru/sasuke/internal/userrepo/mongo/userrepo.go:39.94,53.16 3 0
github.com/haguru/sasuke/internal/userrepo/mongo/userrepo.go:53.16,54.66 1 0
github.com/haguru/sasuke/internal/userrepo/mongo/userrepo.go:54.66,56.4 1 0
github.com/haguru/sasuke/internal/userrepo/mongo/userrepo.go:57.3,57.66 1 0
github.com/haguru/sasuke/internal/userrepo/mongo/userrepo.go:60.2,61.9 2 0
github.com/haguru/sasuke/internal/userrepo/mongo/userrepo.go:61.9,63.3 1 0
github.com/haguru/sasuke/internal/userrepo/mongo/userrepo.go:64.2,64.25 1 0
github.com/haguru/sasuke/internal/userrepo/mongo/userrepo.go:68.109,77.16 4 0
github.com/haguru/sasuke/internal/userrepo/mongo/userrepo.go:77.16,79.53 1 0
github.com/haguru/sasuke/internal/userrepo/mongo/userrepo.go:79.53,81.4 1 0
github.com/haguru/sasuke/internal/userrepo/mongo/userrepo.go:82.3,82.81 1 0
github.com/haguru/sasuke/internal/userrepo/mongo/userrepo.go:84.2,84.27 1 0
github.com/haguru/sasuke/internal/userrepo/mongo/userrepo.go:84.27,86.3 1 0
github.com/haguru/sasuke/internal/userrepo/mongo/userrepo.go:88.2,92.8 1 0
github.com/haguru/sasuke/internal/userrepo/mongo/userrepo.go:97.72,105.2 2 0
github.com/haguru/sasuke/internal/userrepo/mongo/userrepo.go:108.64,110.2 1 0
github.com/haguru/sasuke/internal/routes/routes.go:33.116,41.2 1 0
github.com/haguru/sasuke/internal/routes/routes.go:59.65,60.35 1 1
github.com/haguru/sasuke/internal/routes/routes.go:60.35,63.3 2 1
github.com/haguru/sasuke/internal/routes/routes.go:65.2,65.52 1 1
github.com/haguru/sasuke/internal/routes/routes.go:65.52,68.3 2 1
github.com/haguru/sasuke/internal/routes/routes.go:70.2,72.16 3 1
github.com/haguru/sasuke/internal/routes/routes.go:72.16,75.3 2 1
github.com/haguru/sasuke/internal/routes/routes.go:78.2,79.34 2 1
github.com/haguru/sasuke/internal/routes/routes.go:79.34,82.3 2 0
github.com/haguru/sasuke/internal/routes/routes.go:85.2,86.16 2 1
github.com/haguru/sasuke/internal/routes/routes.go:86.16,89.3 2 0
github.com/haguru/sasuke/internal/routes/routes.go:92.2,104.100 4 1
github.com/haguru/sasuke/internal/routes/routes.go:104.100,107.3 2 0
github.com/haguru/sasuke/internal/routes/routes.go:112.66,116.22 1 0
github.com/haguru/sasuke/internal/routes/routes.go:116.22,118.3 1 0
github.com/haguru/sasuke/internal/routes/routes.go:120.2,125.22 2 0
github.com/haguru/sasuke/internal/routes/routes.go:125.22,127.3 1 0
github.com/haguru/sasuke/internal/routes/routes.go:129.2,129.40 1 0
