mode: set
github.com/haguru/sasuke/main.go:5.14,12.2 0 0
github.com/haguru/sasuke/config/config.go:33.65,37.16 3 1
github.com/haguru/sasuke/config/config.go:37.16,39.3 1 1
github.com/haguru/sasuke/config/config.go:41.2,42.16 2 1
github.com/haguru/sasuke/config/config.go:42.16,44.3 1 0
github.com/haguru/sasuke/config/config.go:46.2,46.20 1 1
github.com/haguru/sasuke/internal/models/user.go:25.54,30.2 1 0
github.com/haguru/sasuke/internal/metrics/metrics.go:16.46,42.2 5 0
github.com/haguru/sasuke/internal/interfaces/mocks/DBClient.go:19.18,23.19 3 0
github.com/haguru/sasuke/internal/interfaces/mocks/DBClient.go:23.19,23.49 1 0
github.com/haguru/sasuke/internal/interfaces/mocks/DBClient.go:25.2,25.13 1 0
github.com/haguru/sasuke/internal/interfaces/mocks/DBClient.go:37.57,39.2 1 0
github.com/haguru/sasuke/internal/interfaces/mocks/DBClient.go:42.75,45.19 2 0
github.com/haguru/sasuke/internal/interfaces/mocks/DBClient.go:45.19,46.49 1 0
github.com/haguru/sasuke/internal/interfaces/mocks/DBClient.go:49.2,50.76 2 0
github.com/haguru/sasuke/internal/interfaces/mocks/DBClient.go:50.76,52.3 1 0
github.com/haguru/sasuke/internal/interfaces/mocks/DBClient.go:52.8,54.3 1 0
github.com/haguru/sasuke/internal/interfaces/mocks/DBClient.go:55.2,55.11 1 0
github.com/haguru/sasuke/internal/interfaces/mocks/DBClient.go:66.103,68.2 1 0
github.com/haguru/sasuke/internal/interfaces/mocks/DBClient.go:70.112,71.40 1 0
github.com/haguru/sasuke/internal/interfaces/mocks/DBClient.go:71.40,73.21 2 0
github.com/haguru/sasuke/internal/interfaces/mocks/DBClient.go:73.21,75.4 1 0
github.com/haguru/sasuke/internal/interfaces/mocks/DBClient.go:76.3,77.21 2 0
github.com/haguru/sasuke/internal/interfaces/mocks/DBClient.go:77.21,79.4 1 0
github.com/haguru/sasuke/internal/interfaces/mocks/DBClient.go:80.3,83.4 1 0
github.com/haguru/sasuke/internal/interfaces/mocks/DBClient.go:85.2,85.11 1 0
github.com/haguru/sasuke/internal/interfaces/mocks/DBClient.go:88.83,91.2 2 0
github.com/haguru/sasuke/internal/interfaces/mocks/DBClient.go:93.127,96.2 2 0
github.com/haguru/sasuke/internal/interfaces/mocks/DBClient.go:99.126,102.19 2 0
github.com/haguru/sasuke/internal/interfaces/mocks/DBClient.go:102.19,103.52 1 0
github.com/haguru/sasuke/internal/interfaces/mocks/DBClient.go:106.2,108.106 3 0
github.com/haguru/sasuke/internal/interfaces/mocks/DBClient.go:108.106,110.3 1 0
github.com/haguru/sasuke/internal/interfaces/mocks/DBClient.go:111.2,111.97 1 0
github.com/haguru/sasuke/internal/interfaces/mocks/DBClient.go:111.97,113.3 1 0
github.com/haguru/sasuke/internal/interfaces/mocks/DBClient.go:113.8,115.3 1 0
github.com/haguru/sasuke/internal/interfaces/mocks/DBClient.go:116.2,116.97 1 0
github.com/haguru/sasuke/internal/interfaces/mocks/DBClient.go:116.97,118.3 1 0
github.com/haguru/sasuke/internal/interfaces/mocks/DBClient.go:118.8,120.3 1 0
github.com/haguru/sasuke/internal/interfaces/mocks/DBClient.go:121.2,121.15 1 0
github.com/haguru/sasuke/internal/interfaces/mocks/DBClient.go:133.140,135.2 1 0
github.com/haguru/sasuke/internal/interfaces/mocks/DBClient.go:137.157,138.40 1 0
github.com/haguru/sasuke/internal/interfaces/mocks/DBClient.go:138.40,140.21 2 0
github.com/haguru/sasuke/internal/interfaces/mocks/DBClient.go:140.21,142.4 1 0
github.com/haguru/sasuke/internal/interfaces/mocks/DBClient.go:143.3,144.21 2 0
github.com/haguru/sasuke/internal/interfaces/mocks/DBClient.go:144.21,146.4 1 0
github.com/haguru/sasuke/internal/interfaces/mocks/DBClient.go:147.3,148.21 2 0
github.com/haguru/sasuke/internal/interfaces/mocks/DBClient.go:148.21,150.4 1 0
github.com/haguru/sasuke/internal/interfaces/mocks/DBClient.go:151.3,155.4 1 0
github.com/haguru/sasuke/internal/interfaces/mocks/DBClient.go:157.2,157.11 1 0
github.com/haguru/sasuke/internal/interfaces/mocks/DBClient.go:160.98,163.2 2 0
github.com/haguru/sasuke/internal/interfaces/mocks/DBClient.go:165.181,168.2 2 0
github.com/haguru/sasuke/internal/interfaces/mocks/DBClient.go:171.125,174.19 2 0
github.com/haguru/sasuke/internal/interfaces/mocks/DBClient.go:174.19,175.51 1 0
github.com/haguru/sasuke/internal/interfaces/mocks/DBClient.go:178.2,180.106 3 0
github.com/haguru/sasuke/internal/interfaces/mocks/DBClient.go:180.106,182.3 1 0
github.com/haguru/sasuke/internal/interfaces/mocks/DBClient.go:183.2,183.97 1 0
github.com/haguru/sasuke/internal/interfaces/mocks/DBClient.go:183.97,185.3 1 0
github.com/haguru/sasuke/internal/interfaces/mocks/DBClient.go:185.8,187.3 1 0
github.com/haguru/sasuke/internal/interfaces/mocks/DBClient.go:188.2,188.97 1 0
github.com/haguru/sasuke/internal/interfaces/mocks/DBClient.go:188.97,190.3 1 0
github.com/haguru/sasuke/internal/interfaces/mocks/DBClient.go:190.8,192.3 1 0
github.com/haguru/sasuke/internal/interfaces/mocks/DBClient.go:193.2,193.15 1 0
github.com/haguru/sasuke/internal/interfaces/mocks/DBClient.go:205.138,207.2 1 0
github.com/haguru/sasuke/internal/interfaces/mocks/DBClient.go:209.155,210.40 1 0
github.com/haguru/sasuke/internal/interfaces/mocks/DBClient.go:210.40,212.21 2 0
github.com/haguru/sasuke/internal/interfaces/mocks/DBClient.go:212.21,214.4 1 0
github.com/haguru/sasuke/internal/interfaces/mocks/DBClient.go:215.3,216.21 2 0
github.com/haguru/sasuke/internal/interfaces/mocks/DBClient.go:216.21,218.4 1 0
github.com/haguru/sasuke/internal/interfaces/mocks/DBClient.go:219.3,220.21 2 0
github.com/haguru/sasuke/internal/interfaces/mocks/DBClient.go:220.21,222.4 1 0
github.com/haguru/sasuke/internal/interfaces/mocks/DBClient.go:223.3,227.4 1 0
github.com/haguru/sasuke/internal/interfaces/mocks/DBClient.go:229.2,229.11 1 0
github.com/haguru/sasuke/internal/interfaces/mocks/DBClient.go:232.96,235.2 2 0
github.com/haguru/sasuke/internal/interfaces/mocks/DBClient.go:237.179,240.2 2 0
github.com/haguru/sasuke/internal/interfaces/mocks/DBClient.go:243.66,246.19 2 0
github.com/haguru/sasuke/internal/interfaces/mocks/DBClient.go:246.19,247.52 1 0
github.com/haguru/sasuke/internal/interfaces/mocks/DBClient.go:250.2,251.68 2 0
github.com/haguru/sasuke/internal/interfaces/mocks/DBClient.go:251.68,253.3 1 0
github.com/haguru/sasuke/internal/interfaces/mocks/DBClient.go:253.8,255.3 1 0
github.com/haguru/sasuke/internal/interfaces/mocks/DBClient.go:256.2,256.11 1 0
github.com/haguru/sasuke/internal/interfaces/mocks/DBClient.go:266.92,268.2 1 0
github.com/haguru/sasuke/internal/interfaces/mocks/DBClient.go:270.106,271.40 1 0
github.com/haguru/sasuke/internal/interfaces/mocks/DBClient.go:271.40,273.21 2 0
github.com/haguru/sasuke/internal/interfaces/mocks/DBClient.go:273.21,275.4 1 0
github.com/haguru/sasuke/internal/interfaces/mocks/DBClient.go:276.3,278.4 1 0
github.com/haguru/sasuke/internal/interfaces/mocks/DBClient.go:280.2,280.11 1 0
github.com/haguru/sasuke/internal/interfaces/mocks/DBClient.go:283.89,286.2 2 0
github.com/haguru/sasuke/internal/interfaces/mocks/DBClient.go:288.121,291.2 2 0
github.com/haguru/sasuke/internal/interfaces/mocks/DBClient.go:294.140,297.19 2 0
github.com/haguru/sasuke/internal/interfaces/mocks/DBClient.go:297.19,298.50 1 0
github.com/haguru/sasuke/internal/interfaces/mocks/DBClient.go:301.2,303.122 3 0
github.com/haguru/sasuke/internal/interfaces/mocks/DBClient.go:303.122,305.3 1 0
github.com/haguru/sasuke/internal/interfaces/mocks/DBClient.go:306.2,306.113 1 0
github.com/haguru/sasuke/internal/interfaces/mocks/DBClient.go:306.113,308.3 1 0
github.com/haguru/sasuke/internal/interfaces/mocks/DBClient.go:308.8,309.24 1 0
github.com/haguru/sasuke/internal/interfaces/mocks/DBClient.go:309.24,311.4 1 0
github.com/haguru/sasuke/internal/interfaces/mocks/DBClient.go:313.2,313.97 1 0
github.com/haguru/sasuke/internal/interfaces/mocks/DBClient.go:313.97,315.3 1 0
github.com/haguru/sasuke/internal/interfaces/mocks/DBClient.go:315.8,317.3 1 0
github.com/haguru/sasuke/internal/interfaces/mocks/DBClient.go:318.2,318.15 1 0
github.com/haguru/sasuke/internal/interfaces/mocks/DBClient.go:330.136,332.2 1 0
github.com/haguru/sasuke/internal/interfaces/mocks/DBClient.go:334.153,335.40 1 0
github.com/haguru/sasuke/internal/interfaces/mocks/DBClient.go:335.40,337.21 2 0
github.com/haguru/sasuke/internal/interfaces/mocks/DBClient.go:337.21,339.4 1 0
github.com/haguru/sasuke/internal/interfaces/mocks/DBClient.go:340.3,341.21 2 0
github.com/haguru/sasuke/internal/interfaces/mocks/DBClient.go:341.21,343.4 1 0
github.com/haguru/sasuke/internal/interfaces/mocks/DBClient.go:344.3,345.21 2 0
github.com/haguru/sasuke/internal/interfaces/mocks/DBClient.go:345.21,347.4 1 0
github.com/haguru/sasuke/internal/interfaces/mocks/DBClient.go:348.3,352.4 1 0
github.com/haguru/sasuke/internal/interfaces/mocks/DBClient.go:354.2,354.11 1 0
github.com/haguru/sasuke/internal/interfaces/mocks/DBClient.go:357.118,360.2 2 0
github.com/haguru/sasuke/internal/interfaces/mocks/DBClient.go:362.193,365.2 2 0
github.com/haguru/sasuke/internal/interfaces/mocks/DBClient.go:368.142,371.19 2 0
github.com/haguru/sasuke/internal/interfaces/mocks/DBClient.go:371.19,372.49 1 0
github.com/haguru/sasuke/internal/interfaces/mocks/DBClient.go:375.2,376.118 2 0
github.com/haguru/sasuke/internal/interfaces/mocks/DBClient.go:376.118,378.3 1 0
github.com/haguru/sasuke/internal/interfaces/mocks/DBClient.go:378.8,380.3 1 0
github.com/haguru/sasuke/internal/interfaces/mocks/DBClient.go:381.2,381.11 1 0
github.com/haguru/sasuke/internal/interfaces/mocks/DBClient.go:394.154,396.2 1 0
github.com/haguru/sasuke/internal/interfaces/mocks/DBClient.go:398.179,399.40 1 0
github.com/haguru/sasuke/internal/interfaces/mocks/DBClient.go:399.40,401.21 2 0
github.com/haguru/sasuke/internal/interfaces/mocks/DBClient.go:401.21,403.4 1 0
github.com/haguru/sasuke/internal/interfaces/mocks/DBClient.go:404.3,405.21 2 0
github.com/haguru/sasuke/internal/interfaces/mocks/DBClient.go:405.21,407.4 1 0
github.com/haguru/sasuke/internal/interfaces/mocks/DBClient.go:408.3,409.21 2 0
github.com/haguru/sasuke/internal/interfaces/mocks/DBClient.go:409.21,411.4 1 0
github.com/haguru/sasuke/internal/interfaces/mocks/DBClient.go:412.3,413.21 2 0
github.com/haguru/sasuke/internal/interfaces/mocks/DBClient.go:413.21,415.4 1 0
github.com/haguru/sasuke/internal/interfaces/mocks/DBClient.go:416.3,421.4 1 0
github.com/haguru/sasuke/internal/interfaces/mocks/DBClient.go:423.2,423.11 1 0
github.com/haguru/sasuke/internal/interfaces/mocks/DBClient.go:426.83,429.2 2 0
github.com/haguru/sasuke/internal/interfaces/mocks/DBClient.go:431.194,434.2 2 0
github.com/haguru/sasuke/internal/interfaces/mocks/DBClient.go:437.133,440.19 2 0
github.com/haguru/sasuke/internal/interfaces/mocks/DBClient.go:440.19,441.51 1 0
github.com/haguru/sasuke/internal/interfaces/mocks/DBClient.go:444.2,446.112 3 0
github.com/haguru/sasuke/internal/interfaces/mocks/DBClient.go:446.112,448.3 1 0
github.com/haguru/sasuke/internal/interfaces/mocks/DBClient.go:449.2,449.103 1 0
github.com/haguru/sasuke/internal/interfaces/mocks/DBClient.go:449.103,451.3 1 0
github.com/haguru/sasuke/internal/interfaces/mocks/DBClient.go:451.8,452.24 1 0
github.com/haguru/sasuke/internal/interfaces/mocks/DBClient.go:452.24,454.4 1 0
github.com/haguru/sasuke/internal/interfaces/mocks/DBClient.go:456.2,456.97 1 0
github.com/haguru/sasuke/internal/interfaces/mocks/DBClient.go:456.97,458.3 1 0
github.com/haguru/sasuke/internal/interfaces/mocks/DBClient.go:458.8,460.3 1 0
github.com/haguru/sasuke/internal/interfaces/mocks/DBClient.go:461.2,461.15 1 0
github.com/haguru/sasuke/internal/interfaces/mocks/DBClient.go:473.140,475.2 1 0
github.com/haguru/sasuke/internal/interfaces/mocks/DBClient.go:477.157,478.40 1 0
github.com/haguru/sasuke/internal/interfaces/mocks/DBClient.go:478.40,480.21 2 0
github.com/haguru/sasuke/internal/interfaces/mocks/DBClient.go:480.21,482.4 1 0
github.com/haguru/sasuke/internal/interfaces/mocks/DBClient.go:483.3,484.21 2 0
github.com/haguru/sasuke/internal/interfaces/mocks/DBClient.go:484.21,486.4 1 0
github.com/haguru/sasuke/internal/interfaces/mocks/DBClient.go:487.3,488.21 2 0
github.com/haguru/sasuke/internal/interfaces/mocks/DBClient.go:488.21,490.4 1 0
github.com/haguru/sasuke/internal/interfaces/mocks/DBClient.go:491.3,495.4 1 0
github.com/haguru/sasuke/internal/interfaces/mocks/DBClient.go:497.2,497.11 1 0
github.com/haguru/sasuke/internal/interfaces/mocks/DBClient.go:500.109,503.2 2 0
github.com/haguru/sasuke/internal/interfaces/mocks/DBClient.go:505.187,508.2 2 0
github.com/haguru/sasuke/internal/interfaces/mocks/DBClient.go:511.60,514.19 2 0
github.com/haguru/sasuke/internal/interfaces/mocks/DBClient.go:514.19,515.46 1 0
github.com/haguru/sasuke/internal/interfaces/mocks/DBClient.go:518.2,519.68 2 0
github.com/haguru/sasuke/internal/interfaces/mocks/DBClient.go:519.68,521.3 1 0
github.com/haguru/sasuke/internal/interfaces/mocks/DBClient.go:521.8,523.3 1 0
github.com/haguru/sasuke/internal/interfaces/mocks/DBClient.go:524.2,524.11 1 0
github.com/haguru/sasuke/internal/interfaces/mocks/DBClient.go:534.80,536.2 1 0
github.com/haguru/sasuke/internal/interfaces/mocks/DBClient.go:538.94,539.40 1 0
github.com/haguru/sasuke/internal/interfaces/mocks/DBClient.go:539.40,541.21 2 0
github.com/haguru/sasuke/internal/interfaces/mocks/DBClient.go:541.21,543.4 1 0
github.com/haguru/sasuke/internal/interfaces/mocks/DBClient.go:544.3,546.4 1 0
github.com/haguru/sasuke/internal/interfaces/mocks/DBClient.go:548.2,548.11 1 0
github.com/haguru/sasuke/internal/interfaces/mocks/DBClient.go:551.77,554.2 2 0
github.com/haguru/sasuke/internal/interfaces/mocks/DBClient.go:556.109,559.2 2 0
github.com/haguru/sasuke/internal/interfaces/mocks/DBClient.go:562.153,565.19 2 0
github.com/haguru/sasuke/internal/interfaces/mocks/DBClient.go:565.19,566.51 1 0
github.com/haguru/sasuke/internal/interfaces/mocks/DBClient.go:569.2,571.127 3 0
github.com/haguru/sasuke/internal/interfaces/mocks/DBClient.go:571.127,573.3 1 0
github.com/haguru/sasuke/internal/interfaces/mocks/DBClient.go:574.2,574.118 1 0
github.com/haguru/sasuke/internal/interfaces/mocks/DBClient.go:574.118,576.3 1 0
github.com/haguru/sasuke/internal/interfaces/mocks/DBClient.go:576.8,578.3 1 0
github.com/haguru/sasuke/internal/interfaces/mocks/DBClient.go:579.2,579.118 1 0
github.com/haguru/sasuke/internal/interfaces/mocks/DBClient.go:579.118,581.3 1 0
github.com/haguru/sasuke/internal/interfaces/mocks/DBClient.go:581.8,583.3 1 0
github.com/haguru/sasuke/internal/interfaces/mocks/DBClient.go:584.2,584.15 1 0
github.com/haguru/sasuke/internal/interfaces/mocks/DBClient.go:597.158,599.2 1 0
github.com/haguru/sasuke/internal/interfaces/mocks/DBClient.go:601.183,602.40 1 0
github.com/haguru/sasuke/internal/interfaces/mocks/DBClient.go:602.40,604.21 2 0
github.com/haguru/sasuke/internal/interfaces/mocks/DBClient.go:604.21,606.4 1 0
github.com/haguru/sasuke/internal/interfaces/mocks/DBClient.go:607.3,608.21 2 0
github.com/haguru/sasuke/internal/interfaces/mocks/DBClient.go:608.21,610.4 1 0
github.com/haguru/sasuke/internal/interfaces/mocks/DBClient.go:611.3,612.21 2 0
github.com/haguru/sasuke/internal/interfaces/mocks/DBClient.go:612.21,614.4 1 0
github.com/haguru/sasuke/internal/interfaces/mocks/DBClient.go:615.3,616.21 2 0
github.com/haguru/sasuke/internal/interfaces/mocks/DBClient.go:616.21,618.4 1 0
github.com/haguru/sasuke/internal/interfaces/mocks/DBClient.go:619.3,624.4 1 0
github.com/haguru/sasuke/internal/interfaces/mocks/DBClient.go:626.2,626.11 1 0
github.com/haguru/sasuke/internal/interfaces/mocks/DBClient.go:629.96,632.2 2 0
github.com/haguru/sasuke/internal/interfaces/mocks/DBClient.go:634.207,637.2 2 0
github.com/haguru/sasuke/internal/interfaces/mocks/Document.go:16.18,20.19 3 0
github.com/haguru/sasuke/internal/interfaces/mocks/Document.go:20.19,20.49 1 0
github.com/haguru/sasuke/internal/interfaces/mocks/Document.go:22.2,22.13 1 0
github.com/haguru/sasuke/internal/interfaces/mocks/Document.go:34.57,36.2 1 0
github.com/haguru/sasuke/internal/interfaces/mocks/Server.go:18.16,22.19 3 0
github.com/haguru/sasuke/internal/interfaces/mocks/Server.go:22.19,22.49 1 0
github.com/haguru/sasuke/internal/interfaces/mocks/Server.go:24.2,24.13 1 0
github.com/haguru/sasuke/internal/interfaces/mocks/Server.go:36.53,38.2 1 0
github.com/haguru/sasuke/internal/interfaces/mocks/Server.go:41.109,44.19 2 0
github.com/haguru/sasuke/internal/interfaces/mocks/Server.go:44.19,45.50 1 0
github.com/haguru/sasuke/internal/interfaces/mocks/Server.go:48.2,49.105 2 0
github.com/haguru/sasuke/internal/interfaces/mocks/Server.go:49.105,51.3 1 0
github.com/haguru/sasuke/internal/interfaces/mocks/Server.go:51.8,53.3 1 0
github.com/haguru/sasuke/internal/interfaces/mocks/Server.go:54.2,54.11 1 0
github.com/haguru/sasuke/internal/interfaces/mocks/Server.go:65.107,67.2 1 0
github.com/haguru/sasuke/internal/interfaces/mocks/Server.go:69.145,70.40 1 0
github.com/haguru/sasuke/internal/interfaces/mocks/Server.go:70.40,72.21 2 0
github.com/haguru/sasuke/internal/interfaces/mocks/Server.go:72.21,74.4 1 0
github.com/haguru/sasuke/internal/interfaces/mocks/Server.go:75.3,76.21 2 0
github.com/haguru/sasuke/internal/interfaces/mocks/Server.go:76.21,78.4 1 0
github.com/haguru/sasuke/internal/interfaces/mocks/Server.go:79.3,82.4 1 0
github.com/haguru/sasuke/internal/interfaces/mocks/Server.go:84.2,84.11 1 0
github.com/haguru/sasuke/internal/interfaces/mocks/Server.go:87.81,90.2 2 0
github.com/haguru/sasuke/internal/interfaces/mocks/Server.go:92.160,95.2 2 0
github.com/haguru/sasuke/internal/interfaces/mocks/Server.go:98.49,101.19 2 0
github.com/haguru/sasuke/internal/interfaces/mocks/Server.go:101.19,102.56 1 0
github.com/haguru/sasuke/internal/interfaces/mocks/Server.go:105.2,106.53 2 0
github.com/haguru/sasuke/internal/interfaces/mocks/Server.go:106.53,108.3 1 0
github.com/haguru/sasuke/internal/interfaces/mocks/Server.go:108.8,110.3 1 0
github.com/haguru/sasuke/internal/interfaces/mocks/Server.go:111.2,111.11 1 0
github.com/haguru/sasuke/internal/interfaces/mocks/Server.go:120.81,122.2 1 0
github.com/haguru/sasuke/internal/interfaces/mocks/Server.go:124.91,125.40 1 0
github.com/haguru/sasuke/internal/interfaces/mocks/Server.go:125.40,127.3 1 0
github.com/haguru/sasuke/internal/interfaces/mocks/Server.go:128.2,128.11 1 0
github.com/haguru/sasuke/internal/interfaces/mocks/Server.go:131.93,134.2 2 0
github.com/haguru/sasuke/internal/interfaces/mocks/Server.go:136.106,139.2 2 0
github.com/haguru/sasuke/internal/interfaces/mocks/UserRepository.go:19.24,23.19 3 0
github.com/haguru/sasuke/internal/interfaces/mocks/UserRepository.go:23.19,23.49 1 0
github.com/haguru/sasuke/internal/interfaces/mocks/UserRepository.go:25.2,25.13 1 0
github.com/haguru/sasuke/internal/interfaces/mocks/UserRepository.go:37.69,39.2 1 0
github.com/haguru/sasuke/internal/interfaces/mocks/UserRepository.go:42.97,45.19 2 0
github.com/haguru/sasuke/internal/interfaces/mocks/UserRepository.go:45.19,46.49 1 0
github.com/haguru/sasuke/internal/interfaces/mocks/UserRepository.go:49.2,51.91 3 0
github.com/haguru/sasuke/internal/interfaces/mocks/UserRepository.go:51.91,53.3 1 0
github.com/haguru/sasuke/internal/interfaces/mocks/UserRepository.go:54.2,54.82 1 0
github.com/haguru/sasuke/internal/interfaces/mocks/UserRepository.go:54.82,56.3 1 0
github.com/haguru/sasuke/internal/interfaces/mocks/UserRepository.go:56.8,58.3 1 0
github.com/haguru/sasuke/internal/interfaces/mocks/UserRepository.go:59.2,59.81 1 0
github.com/haguru/sasuke/internal/interfaces/mocks/UserRepository.go:59.81,61.3 1 0
github.com/haguru/sasuke/internal/interfaces/mocks/UserRepository.go:61.8,63.3 1 0
github.com/haguru/sasuke/internal/interfaces/mocks/UserRepository.go:64.2,64.15 1 0
github.com/haguru/sasuke/internal/interfaces/mocks/UserRepository.go:75.116,77.2 1 0
github.com/haguru/sasuke/internal/interfaces/mocks/UserRepository.go:79.130,80.40 1 0
github.com/haguru/sasuke/internal/interfaces/mocks/UserRepository.go:80.40,82.21 2 0
github.com/haguru/sasuke/internal/interfaces/mocks/UserRepository.go:82.21,84.4 1 0
github.com/haguru/sasuke/internal/interfaces/mocks/UserRepository.go:85.3,86.21 2 0
github.com/haguru/sasuke/internal/interfaces/mocks/UserRepository.go:86.21,88.4 1 0
github.com/haguru/sasuke/internal/interfaces/mocks/UserRepository.go:89.3,92.4 1 0
github.com/haguru/sasuke/internal/interfaces/mocks/UserRepository.go:94.2,94.11 1 0
github.com/haguru/sasuke/internal/interfaces/mocks/UserRepository.go:97.105,100.2 2 0
github.com/haguru/sasuke/internal/interfaces/mocks/UserRepository.go:102.155,105.2 2 0
github.com/haguru/sasuke/internal/interfaces/mocks/UserRepository.go:108.67,111.19 2 0
github.com/haguru/sasuke/internal/interfaces/mocks/UserRepository.go:111.19,112.47 1 0
github.com/haguru/sasuke/internal/interfaces/mocks/UserRepository.go:115.2,116.68 2 0
github.com/haguru/sasuke/internal/interfaces/mocks/UserRepository.go:116.68,118.3 1 0
github.com/haguru/sasuke/internal/interfaces/mocks/UserRepository.go:118.8,120.3 1 0
github.com/haguru/sasuke/internal/interfaces/mocks/UserRepository.go:121.2,121.11 1 0
github.com/haguru/sasuke/internal/interfaces/mocks/UserRepository.go:131.94,133.2 1 0
github.com/haguru/sasuke/internal/interfaces/mocks/UserRepository.go:135.108,136.40 1 0
github.com/haguru/sasuke/internal/interfaces/mocks/UserRepository.go:136.40,138.21 2 0
github.com/haguru/sasuke/internal/interfaces/mocks/UserRepository.go:138.21,140.4 1 0
github.com/haguru/sasuke/internal/interfaces/mocks/UserRepository.go:141.3,143.4 1 0
github.com/haguru/sasuke/internal/interfaces/mocks/UserRepository.go:145.2,145.11 1 0
github.com/haguru/sasuke/internal/interfaces/mocks/UserRepository.go:148.91,151.2 2 0
github.com/haguru/sasuke/internal/interfaces/mocks/UserRepository.go:153.123,156.2 2 0
github.com/haguru/sasuke/internal/interfaces/mocks/UserRepository.go:159.75,162.19 2 0
github.com/haguru/sasuke/internal/interfaces/mocks/UserRepository.go:162.19,163.55 1 0
github.com/haguru/sasuke/internal/interfaces/mocks/UserRepository.go:166.2,167.68 2 0
github.com/haguru/sasuke/internal/interfaces/mocks/UserRepository.go:167.68,169.3 1 0
github.com/haguru/sasuke/internal/interfaces/mocks/UserRepository.go:169.8,171.3 1 0
github.com/haguru/sasuke/internal/interfaces/mocks/UserRepository.go:172.2,172.11 1 0
github.com/haguru/sasuke/internal/interfaces/mocks/UserRepository.go:182.110,184.2 1 0
github.com/haguru/sasuke/internal/interfaces/mocks/UserRepository.go:186.124,187.40 1 0
github.com/haguru/sasuke/internal/interfaces/mocks/UserRepository.go:187.40,189.21 2 0
github.com/haguru/sasuke/internal/interfaces/mocks/UserRepository.go:189.21,191.4 1 0
github.com/haguru/sasuke/internal/interfaces/mocks/UserRepository.go:192.3,194.4 1 0
github.com/haguru/sasuke/internal/interfaces/mocks/UserRepository.go:196.2,196.11 1 0
github.com/haguru/sasuke/internal/interfaces/mocks/UserRepository.go:199.107,202.2 2 0
github.com/haguru/sasuke/internal/interfaces/mocks/UserRepository.go:204.139,207.2 2 0
github.com/haguru/sasuke/internal/interfaces/mocks/UserRepository.go:210.112,213.19 2 0
github.com/haguru/sasuke/internal/interfaces/mocks/UserRepository.go:213.19,214.59 1 0
github.com/haguru/sasuke/internal/interfaces/mocks/UserRepository.go:217.2,219.92 3 0
github.com/haguru/sasuke/internal/interfaces/mocks/UserRepository.go:219.92,221.3 1 0
github.com/haguru/sasuke/internal/interfaces/mocks/UserRepository.go:222.2,222.83 1 0
github.com/haguru/sasuke/internal/interfaces/mocks/UserRepository.go:222.83,224.3 1 0
github.com/haguru/sasuke/internal/interfaces/mocks/UserRepository.go:224.8,225.24 1 0
github.com/haguru/sasuke/internal/interfaces/mocks/UserRepository.go:225.24,227.4 1 0
github.com/haguru/sasuke/internal/interfaces/mocks/UserRepository.go:229.2,229.76 1 0
github.com/haguru/sasuke/internal/interfaces/mocks/UserRepository.go:229.76,231.3 1 0
github.com/haguru/sasuke/internal/interfaces/mocks/UserRepository.go:231.8,233.3 1 0
github.com/haguru/sasuke/internal/interfaces/mocks/UserRepository.go:234.2,234.15 1 0
github.com/haguru/sasuke/internal/interfaces/mocks/UserRepository.go:245.140,247.2 1 0
github.com/haguru/sasuke/internal/interfaces/mocks/UserRepository.go:249.149,250.40 1 0
github.com/haguru/sasuke/internal/interfaces/mocks/UserRepository.go:250.40,252.21 2 0
github.com/haguru/sasuke/internal/interfaces/mocks/UserRepository.go:252.21,254.4 1 0
github.com/haguru/sasuke/internal/interfaces/mocks/UserRepository.go:255.3,256.21 2 0
github.com/haguru/sasuke/internal/interfaces/mocks/UserRepository.go:256.21,258.4 1 0
github.com/haguru/sasuke/internal/interfaces/mocks/UserRepository.go:259.3,262.4 1 0
github.com/haguru/sasuke/internal/interfaces/mocks/UserRepository.go:264.2,264.11 1 0
github.com/haguru/sasuke/internal/interfaces/mocks/UserRepository.go:267.134,270.2 2 0
github.com/haguru/sasuke/internal/interfaces/mocks/UserRepository.go:272.180,275.2 2 0
github.com/haguru/sasuke/internal/auth/auth.go:27.81,44.16 4 1
github.com/haguru/sasuke/internal/auth/auth.go:44.16,46.3 1 0
github.com/haguru/sasuke/internal/auth/auth.go:48.2,48.23 1 1
github.com/haguru/sasuke/internal/auth/auth.go:51.89,53.110 1 1
github.com/haguru/sasuke/internal/auth/auth.go:53.110,55.59 1 1
github.com/haguru/sasuke/internal/auth/auth.go:55.59,57.4 1 0
github.com/haguru/sasuke/internal/auth/auth.go:58.3,58.24 1 1
github.com/haguru/sasuke/internal/auth/auth.go:60.2,60.16 1 1
github.com/haguru/sasuke/internal/auth/auth.go:60.16,62.3 1 1
github.com/haguru/sasuke/internal/auth/auth.go:64.2,64.67 1 1
github.com/haguru/sasuke/internal/auth/auth.go:64.67,66.3 1 1
github.com/haguru/sasuke/internal/auth/auth.go:68.2,68.51 1 0
github.com/haguru/sasuke/internal/auth/keys.go:12.69,14.44 1 1
github.com/haguru/sasuke/internal/auth/keys.go:14.44,16.3 1 1
github.com/haguru/sasuke/internal/auth/keys.go:18.2,19.16 2 1
github.com/haguru/sasuke/internal/auth/keys.go:19.16,21.3 1 0
github.com/haguru/sasuke/internal/auth/keys.go:23.2,24.18 2 1
github.com/haguru/sasuke/internal/auth/keys.go:24.18,26.3 1 1
github.com/haguru/sasuke/internal/auth/keys.go:28.2,29.16 2 1
github.com/haguru/sasuke/internal/auth/keys.go:29.16,31.3 1 0
github.com/haguru/sasuke/internal/auth/keys.go:33.2,33.24 1 1
github.com/haguru/sasuke/internal/userrepo/postgres/userrepo.go:20.99,22.2 1 0
github.com/haguru/sasuke/internal/userrepo/postgres/userrepo.go:25.97,34.16 3 0
github.com/haguru/sasuke/internal/userrepo/postgres/userrepo.go:34.16,36.64 1 0
github.com/haguru/sasuke/internal/userrepo/postgres/userrepo.go:36.64,38.4 1 0
github.com/haguru/sasuke/internal/userrepo/postgres/userrepo.go:39.3,39.69 1 0
github.com/haguru/sasuke/internal/userrepo/postgres/userrepo.go:41.2,42.9 2 0
github.com/haguru/sasuke/internal/userrepo/postgres/userrepo.go:42.9,44.3 1 0
github.com/haguru/sasuke/internal/userrepo/postgres/userrepo.go:45.2,45.19 1 0
github.com/haguru/sasuke/internal/userrepo/postgres/userrepo.go:49.112,53.16 4 0
github.com/haguru/sasuke/internal/userrepo/postgres/userrepo.go:53.16,55.3 1 0
github.com/haguru/sasuke/internal/userrepo/postgres/userrepo.go:56.2,56.19 1 0
github.com/haguru/sasuke/internal/userrepo/postgres/userrepo.go:56.19,58.3 1 0
github.com/haguru/sasuke/internal/userrepo/postgres/userrepo.go:59.2,59.19 1 0
github.com/haguru/sasuke/internal/userrepo/postgres/userrepo.go:63.75,65.2 1 0
github.com/haguru/sasuke/internal/userrepo/postgres/userrepo.go:68.67,70.2 1 0
github.com/haguru/sasuke/internal/server/server.go:16.53,21.2 1 0
github.com/haguru/sasuke/internal/server/server.go:27.101,32.2 2 0
github.com/haguru/sasuke/internal/server/server.go:35.41,40.16 3 0
github.com/haguru/sasuke/internal/server/server.go:40.16,44.3 1 0
github.com/haguru/sasuke/internal/server/server.go:47.2,47.12 1 0
github.com/haguru/sasuke/internal/userrepo/mongo/userrepo.go:26.81,28.2 1 0
github.com/haguru/sasuke/internal/userrepo/mongo/userrepo.go:31.94,45.16 3 0
github.com/haguru/sasuke/internal/userrepo/mongo/userrepo.go:45.16,46.66 1 0
github.com/haguru/sasuke/internal/userrepo/mongo/userrepo.go:46.66,48.4 1 0
github.com/haguru/sasuke/internal/userrepo/mongo/userrepo.go:49.3,49.66 1 0
github.com/haguru/sasuke/internal/userrepo/mongo/userrepo.go:52.2,53.9 2 0
github.com/haguru/sasuke/internal/userrepo/mongo/userrepo.go:53.9,55.3 1 0
github.com/haguru/sasuke/internal/userrepo/mongo/userrepo.go:56.2,56.25 1 0
github.com/haguru/sasuke/internal/userrepo/mongo/userrepo.go:60.109,69.16 4 0
github.com/haguru/sasuke/internal/userrepo/mongo/userrepo.go:69.16,71.53 1 0
github.com/haguru/sasuke/internal/userrepo/mongo/userrepo.go:71.53,73.4 1 0
github.com/haguru/sasuke/internal/userrepo/mongo/userrepo.go:74.3,74.81 1 0
github.com/haguru/sasuke/internal/userrepo/mongo/userrepo.go:76.2,76.27 1 0
github.com/haguru/sasuke/internal/userrepo/mongo/userrepo.go:76.27,78.3 1 0
github.com/haguru/sasuke/internal/userrepo/mongo/userrepo.go:80.2,84.8 1 0
github.com/haguru/sasuke/internal/userrepo/mongo/userrepo.go:89.72,97.2 2 0
github.com/haguru/sasuke/internal/userrepo/mongo/userrepo.go:100.64,102.2 1 0
github.com/haguru/sasuke/pkg/databases/mongo/client.go:34.101,41.2 2 0
github.com/haguru/sasuke/pkg/databases/mongo/client.go:47.72,51.19 2 0
github.com/haguru/sasuke/pkg/databases/mongo/client.go:51.19,55.3 3 0
github.com/haguru/sasuke/pkg/databases/mongo/client.go:56.2,59.25 2 0
github.com/haguru/sasuke/pkg/databases/mongo/client.go:59.25,61.3 1 0
github.com/haguru/sasuke/pkg/databases/mongo/client.go:63.2,78.16 5 0
github.com/haguru/sasuke/pkg/databases/mongo/client.go:78.16,80.3 1 0
github.com/haguru/sasuke/pkg/databases/mongo/client.go:83.2,83.62 1 0
github.com/haguru/sasuke/pkg/databases/mongo/client.go:83.62,85.3 1 0
github.com/haguru/sasuke/pkg/databases/mongo/client.go:86.2,89.15 2 0
github.com/haguru/sasuke/pkg/databases/mongo/client.go:89.15,91.3 1 0
github.com/haguru/sasuke/pkg/databases/mongo/client.go:92.2,92.88 1 0
github.com/haguru/sasuke/pkg/databases/mongo/client.go:92.88,94.3 1 0
github.com/haguru/sasuke/pkg/databases/mongo/client.go:96.2,97.16 2 0
github.com/haguru/sasuke/pkg/databases/mongo/client.go:97.16,99.3 1 0
github.com/haguru/sasuke/pkg/databases/mongo/client.go:101.2,102.12 2 0
github.com/haguru/sasuke/pkg/databases/mongo/client.go:107.63,109.21 2 0
github.com/haguru/sasuke/pkg/databases/mongo/client.go:109.21,111.3 1 0
github.com/haguru/sasuke/pkg/databases/mongo/client.go:113.2,113.12 1 0
github.com/haguru/sasuke/pkg/databases/mongo/client.go:119.130,123.16 3 0
github.com/haguru/sasuke/pkg/databases/mongo/client.go:123.16,125.3 1 0
github.com/haguru/sasuke/pkg/databases/mongo/client.go:127.2,127.28 1 0
github.com/haguru/sasuke/pkg/databases/mongo/client.go:134.139,138.16 3 0
github.com/haguru/sasuke/pkg/databases/mongo/client.go:138.16,139.34 1 0
github.com/haguru/sasuke/pkg/databases/mongo/client.go:139.34,141.4 1 0
github.com/haguru/sasuke/pkg/databases/mongo/client.go:142.3,142.112 1 0
github.com/haguru/sasuke/pkg/databases/mongo/client.go:145.2,145.12 1 0
github.com/haguru/sasuke/pkg/databases/mongo/client.go:151.137,154.16 3 0
github.com/haguru/sasuke/pkg/databases/mongo/client.go:154.16,156.3 1 0
github.com/haguru/sasuke/pkg/databases/mongo/client.go:158.2,161.23 3 0
github.com/haguru/sasuke/pkg/databases/mongo/client.go:161.23,163.45 2 0
github.com/haguru/sasuke/pkg/databases/mongo/client.go:163.45,165.4 1 0
github.com/haguru/sasuke/pkg/databases/mongo/client.go:166.3,166.33 1 0
github.com/haguru/sasuke/pkg/databases/mongo/client.go:169.2,169.21 1 0
github.com/haguru/sasuke/pkg/databases/mongo/client.go:176.150,180.16 3 0
github.com/haguru/sasuke/pkg/databases/mongo/client.go:180.16,182.3 1 0
github.com/haguru/sasuke/pkg/databases/mongo/client.go:184.2,184.31 1 0
github.com/haguru/sasuke/pkg/databases/mongo/client.go:190.122,194.16 3 0
github.com/haguru/sasuke/pkg/databases/mongo/client.go:194.16,196.3 1 0
github.com/haguru/sasuke/pkg/databases/mongo/client.go:198.2,198.30 1 0
github.com/haguru/sasuke/pkg/databases/mongo/client.go:204.123,208.16 3 0
github.com/haguru/sasuke/pkg/databases/mongo/client.go:208.16,210.3 1 0
github.com/haguru/sasuke/pkg/databases/mongo/client.go:212.2,212.30 1 0
github.com/haguru/sasuke/pkg/databases/mongo/client.go:217.57,220.2 2 0
github.com/haguru/sasuke/pkg/databases/mongo/client.go:226.75,228.16 2 0
github.com/haguru/sasuke/pkg/databases/mongo/client.go:228.16,230.3 1 0
github.com/haguru/sasuke/pkg/databases/mongo/client.go:234.2,235.18 2 0
github.com/haguru/sasuke/pkg/databases/mongo/client.go:235.18,237.3 1 0
github.com/haguru/sasuke/pkg/databases/mongo/client.go:244.2,244.50 1 0
github.com/haguru/sasuke/pkg/databases/mongo/client.go:244.50,246.3 1 0
github.com/haguru/sasuke/pkg/databases/mongo/client.go:248.2,248.20 1 0
github.com/haguru/sasuke/pkg/databases/mongo/client.go:252.116,256.2 3 0
github.com/haguru/sasuke/internal/userservice/userservice.go:20.66,22.2 1 0
github.com/haguru/sasuke/internal/userservice/userservice.go:25.100,27.16 2 0
github.com/haguru/sasuke/internal/userservice/userservice.go:27.16,29.3 1 0
github.com/haguru/sasuke/internal/userservice/userservice.go:31.2,37.16 3 0
github.com/haguru/sasuke/internal/userservice/userservice.go:37.16,39.3 1 0
github.com/haguru/sasuke/internal/userservice/userservice.go:40.2,40.20 1 0
github.com/haguru/sasuke/internal/userservice/userservice.go:45.102,47.16 2 0
github.com/haguru/sasuke/internal/userservice/userservice.go:47.16,49.3 1 0
github.com/haguru/sasuke/internal/userservice/userservice.go:50.2,50.17 1 0
github.com/haguru/sasuke/internal/userservice/userservice.go:50.17,52.3 1 0
github.com/haguru/sasuke/internal/userservice/userservice.go:54.2,55.16 2 0
github.com/haguru/sasuke/internal/userservice/userservice.go:55.16,57.3 1 0
github.com/haguru/sasuke/internal/userservice/userservice.go:59.2,59.18 1 0
github.com/haguru/sasuke/pkg/databases/postgres/client.go:22.81,25.16 3 0
github.com/haguru/sasuke/pkg/databases/postgres/client.go:25.16,27.3 1 0
github.com/haguru/sasuke/pkg/databases/postgres/client.go:29.2,33.20 4 0
github.com/haguru/sasuke/pkg/databases/postgres/client.go:37.72,38.17 1 0
github.com/haguru/sasuke/pkg/databases/postgres/client.go:38.17,40.3 1 0
github.com/haguru/sasuke/pkg/databases/postgres/client.go:41.2,41.12 1 0
github.com/haguru/sasuke/pkg/databases/postgres/client.go:47.134,49.9 2 0
github.com/haguru/sasuke/pkg/databases/postgres/client.go:49.9,51.3 1 0
github.com/haguru/sasuke/pkg/databases/postgres/client.go:54.2,54.40 1 0
github.com/haguru/sasuke/pkg/databases/postgres/client.go:54.40,56.3 1 0
github.com/haguru/sasuke/pkg/databases/postgres/client.go:58.2,63.31 5 0
github.com/haguru/sasuke/pkg/databases/postgres/client.go:63.31,68.3 4 0
github.com/haguru/sasuke/pkg/databases/postgres/client.go:70.2,78.16 4 0
github.com/haguru/sasuke/pkg/databases/postgres/client.go:78.16,80.3 1 0
github.com/haguru/sasuke/pkg/databases/postgres/client.go:81.2,81.24 1 0
github.com/haguru/sasuke/pkg/databases/postgres/client.go:88.143,90.9 2 0
github.com/haguru/sasuke/pkg/databases/postgres/client.go:90.9,92.3 1 0
github.com/haguru/sasuke/pkg/databases/postgres/client.go:93.2,93.25 1 0
github.com/haguru/sasuke/pkg/databases/postgres/client.go:93.25,95.3 1 0
github.com/haguru/sasuke/pkg/databases/postgres/client.go:98.2,101.34 4 0
github.com/haguru/sasuke/pkg/databases/postgres/client.go:101.34,105.3 3 0
github.com/haguru/sasuke/pkg/databases/postgres/client.go:106.2,110.86 3 0
github.com/haguru/sasuke/pkg/databases/postgres/client.go:110.86,112.3 1 0
github.com/haguru/sasuke/pkg/databases/postgres/client.go:113.2,119.33 5 0
github.com/haguru/sasuke/pkg/databases/postgres/client.go:119.33,123.3 3 0
github.com/haguru/sasuke/pkg/databases/postgres/client.go:125.2,133.26 4 0
github.com/haguru/sasuke/pkg/databases/postgres/client.go:133.26,137.3 2 0
github.com/haguru/sasuke/pkg/databases/postgres/client.go:138.2,138.12 1 0
github.com/haguru/sasuke/pkg/databases/postgres/client.go:144.141,146.9 2 0
github.com/haguru/sasuke/pkg/databases/postgres/client.go:146.9,148.3 1 0
github.com/haguru/sasuke/pkg/databases/postgres/client.go:150.2,153.34 4 0
github.com/haguru/sasuke/pkg/databases/postgres/client.go:153.34,157.3 3 0
github.com/haguru/sasuke/pkg/databases/postgres/client.go:158.2,159.27 2 0
github.com/haguru/sasuke/pkg/databases/postgres/client.go:159.27,161.3 1 0
github.com/haguru/sasuke/pkg/databases/postgres/client.go:164.2,167.16 3 0
github.com/haguru/sasuke/pkg/databases/postgres/client.go:167.16,169.3 1 0
github.com/haguru/sasuke/pkg/databases/postgres/client.go:170.2,174.16 4 0
github.com/haguru/sasuke/pkg/databases/postgres/client.go:174.16,176.3 1 0
github.com/haguru/sasuke/pkg/databases/postgres/client.go:178.2,178.18 1 0
github.com/haguru/sasuke/pkg/databases/postgres/client.go:178.18,181.26 3 0
github.com/haguru/sasuke/pkg/databases/postgres/client.go:181.26,183.4 1 0
github.com/haguru/sasuke/pkg/databases/postgres/client.go:185.3,185.54 1 0
github.com/haguru/sasuke/pkg/databases/postgres/client.go:185.54,187.4 1 0
github.com/haguru/sasuke/pkg/databases/postgres/client.go:189.3,190.35 2 0
github.com/haguru/sasuke/pkg/databases/postgres/client.go:190.35,192.33 2 0
github.com/haguru/sasuke/pkg/databases/postgres/client.go:192.33,194.5 1 0
github.com/haguru/sasuke/pkg/databases/postgres/client.go:194.10,196.5 1 0
github.com/haguru/sasuke/pkg/databases/postgres/client.go:198.3,198.36 1 0
github.com/haguru/sasuke/pkg/databases/postgres/client.go:201.2,201.34 1 0
github.com/haguru/sasuke/pkg/databases/postgres/client.go:201.34,203.3 1 0
github.com/haguru/sasuke/pkg/databases/postgres/client.go:204.2,204.21 1 0
github.com/haguru/sasuke/pkg/databases/postgres/client.go:209.154,211.9 2 0
github.com/haguru/sasuke/pkg/databases/postgres/client.go:211.9,213.3 1 0
github.com/haguru/sasuke/pkg/databases/postgres/client.go:214.2,215.9 2 0
github.com/haguru/sasuke/pkg/databases/postgres/client.go:215.9,217.3 1 0
github.com/haguru/sasuke/pkg/databases/postgres/client.go:219.2,224.34 5 0
github.com/haguru/sasuke/pkg/databases/postgres/client.go:224.34,228.3 3 0
github.com/haguru/sasuke/pkg/databases/postgres/client.go:230.2,230.34 1 0
github.com/haguru/sasuke/pkg/databases/postgres/client.go:230.34,234.3 3 0
github.com/haguru/sasuke/pkg/databases/postgres/client.go:236.2,243.16 3 0
github.com/haguru/sasuke/pkg/databases/postgres/client.go:243.16,245.3 1 0
github.com/haguru/sasuke/pkg/databases/postgres/client.go:246.2,247.16 2 0
github.com/haguru/sasuke/pkg/databases/postgres/client.go:247.16,249.3 1 0
github.com/haguru/sasuke/pkg/databases/postgres/client.go:250.2,250.26 1 0
github.com/haguru/sasuke/pkg/databases/postgres/client.go:255.126,257.9 2 0
github.com/haguru/sasuke/pkg/databases/postgres/client.go:257.9,259.3 1 0
github.com/haguru/sasuke/pkg/databases/postgres/client.go:261.2,264.34 4 0
github.com/haguru/sasuke/pkg/databases/postgres/client.go:264.34,268.3 3 0
github.com/haguru/sasuke/pkg/databases/postgres/client.go:270.2,276.16 3 0
github.com/haguru/sasuke/pkg/databases/postgres/client.go:276.16,278.3 1 0
github.com/haguru/sasuke/pkg/databases/postgres/client.go:279.2,280.16 2 0
github.com/haguru/sasuke/pkg/databases/postgres/client.go:280.16,282.3 1 0
github.com/haguru/sasuke/pkg/databases/postgres/client.go:283.2,283.26 1 0
github.com/haguru/sasuke/pkg/databases/postgres/client.go:288.127,290.9 2 0
github.com/haguru/sasuke/pkg/databases/postgres/client.go:290.9,292.3 1 0
github.com/haguru/sasuke/pkg/databases/postgres/client.go:294.2,297.34 4 0
github.com/haguru/sasuke/pkg/databases/postgres/client.go:297.34,301.3 3 0
github.com/haguru/sasuke/pkg/databases/postgres/client.go:303.2,304.27 2 0
github.com/haguru/sasuke/pkg/databases/postgres/client.go:304.27,306.3 1 0
github.com/haguru/sasuke/pkg/databases/postgres/client.go:308.2,311.16 3 0
github.com/haguru/sasuke/pkg/databases/postgres/client.go:311.16,313.3 1 0
github.com/haguru/sasuke/pkg/databases/postgres/client.go:314.2,315.16 2 0
github.com/haguru/sasuke/pkg/databases/postgres/client.go:315.16,317.3 1 0
github.com/haguru/sasuke/pkg/databases/postgres/client.go:318.2,318.26 1 0
github.com/haguru/sasuke/pkg/databases/postgres/client.go:322.66,324.2 1 0
github.com/haguru/sasuke/pkg/databases/postgres/client.go:329.99,339.2 3 0
github.com/haguru/sasuke/internal/routes/routes.go:33.116,41.2 1 0
github.com/haguru/sasuke/internal/routes/routes.go:59.65,60.35 1 1
github.com/haguru/sasuke/internal/routes/routes.go:60.35,63.3 2 1
github.com/haguru/sasuke/internal/routes/routes.go:65.2,65.52 1 1
github.com/haguru/sasuke/internal/routes/routes.go:65.52,68.3 2 1
github.com/haguru/sasuke/internal/routes/routes.go:70.2,72.16 3 1
github.com/haguru/sasuke/internal/routes/routes.go:72.16,75.3 2 1
github.com/haguru/sasuke/internal/routes/routes.go:78.2,79.34 2 1
github.com/haguru/sasuke/internal/routes/routes.go:79.34,82.3 2 0
github.com/haguru/sasuke/internal/routes/routes.go:85.2,86.16 2 1
github.com/haguru/sasuke/internal/routes/routes.go:86.16,89.3 2 0
github.com/haguru/sasuke/internal/routes/routes.go:92.2,104.100 4 1
github.com/haguru/sasuke/internal/routes/routes.go:104.100,107.3 2 0
github.com/haguru/sasuke/internal/routes/routes.go:112.66,116.22 1 0
github.com/haguru/sasuke/internal/routes/routes.go:116.22,118.3 1 0
github.com/haguru/sasuke/internal/routes/routes.go:120.2,125.22 2 0
github.com/haguru/sasuke/internal/routes/routes.go:125.22,127.3 1 0
github.com/haguru/sasuke/internal/routes/routes.go:129.2,129.40 1 0
